<?xml version="1.0" encoding="utf-8"?><testsuites name="pytest tests"><testsuite name="pytest" errors="0" failures="0" skipped="0" tests="5" time="24.180" timestamp="2026-09-18T12:40:56.036215+08:00" hostname="BIGOdeMacBook-Pro.local"><testcase classname="tests.test_b27_evaluation" name="test_b27_fixture_is_fixed_and_split" time="0.315" /><testcase classname="tests.test_b27_evaluation" name="test_b27_deterministic_comparison_uses_real_host_and_freezes_learning" time="23.810" /><testcase classname="tests.test_b27_evaluation" name="test_b27_real_without_provider_is_explicitly_blocked" time="0.025" /><testcase classname="tests.test_b27_evaluation" name="test_b27_measurement_reads_actual_pack_when_convenience_refs_are_empty" time="0.007" /><testcase classname="tests.test_b27_evaluation" name="test_b27_missing_learning_usage_is_not_counted_as_zero" time="0.004" /></testsuite></testsuites>