<?xml version="1.0" encoding="utf-8"?><testsuites name="pytest tests"><testsuite name="pytest" errors="0" failures="0" skipped="0" tests="24" time="54.520" timestamp="2026-09-18T11:44:56.740921+08:00" hostname="BIGOdeMacBook-Pro.local"><testcase classname="tests.test_b27_command_projection" name="test_large_governed_command_and_replay_preserve_shape_and_redaction[b2-5]" time="7.037" /><testcase classname="tests.test_b27_command_projection" name="test_large_governed_command_and_replay_preserve_shape_and_redaction[b2-6]" time="7.377" /><testcase classname="tests.test_b25_api" name="test_public_proposal_exact_review_and_replay" time="1.527" /><testcase classname="tests.test_b25_api" name="test_v17_migration_preserves_frozen_history" time="2.653" /><testcase classname="tests.test_b25_api" name="test_governance_cannot_be_confirmed_through_old_command_and_source_revocation" time="1.553" /><testcase classname="tests.test_b25_api" name="test_history_rejects_cross_project_expansion" time="1.437" /><testcase classname="tests.test_b25_api" name="test_committed_mutation_with_lost_receipt_recovers_as_unknown_without_replay" time="2.652" /><testcase classname="tests.test_b26_api" name="test_v18_preserves_prior_checksums_and_protects_unresolved_commands" time="4.197" /><testcase classname="tests.test_b26_api" name="test_experience_projection_and_protocol" time="1.438" /><testcase classname="tests.test_b26_api" name="test_project_projection_excludes_foreign_dataset_ownership" time="1.933" /><testcase classname="tests.test_b26_api" name="test_procedure_candidate_then_skill_validation_and_publish" time="2.722" /><testcase classname="tests.test_m0_api" name="test_mutating_commands_generate_persist_and_replay_idempotency_receipts" time="1.086" /><testcase classname="tests.test_m0_api" name="test_command_scope_hashes_full_long_path_and_preserves_workflow_alias" time="1.019" /><testcase classname="tests.test_m0_api" name="test_trailing_slash_redirect_does_not_consume_idempotency_receipt" time="1.108" /><testcase classname="tests.test_m0_api" name="test_error_envelopes_hide_invalid_inputs_and_unknown_exception_details" time="2.911" /><testcase classname="tests.test_m0_api" name="test_command_receipt_and_replay_redact_success_and_normalize_failure" time="1.027" /><testcase classname="tests.test_m0_api" name="test_last_event_id_is_route_scoped_and_new_workflow_never_starts" time="0.984" /><testcase classname="tests.test_m0_api" name="test_event_cursors_reject_values_above_sqlite_integer_range" time="0.967" /><testcase classname="tests.test_m0_api" name="test_session_and_evaluation_sse_ids_match_persisted_open_interval_cursor" time="1.558" /><testcase classname="tests.test_m0_api" name="test_real_session_run_first_frame_creates_replayable_202_receipt" time="1.817" /><testcase classname="tests.test_m0_api" name="test_session_run_receipt_rejects_cross_session_first_frame_and_replays_manual_state" time="1.551" /><testcase classname="tests.test_m0_api" name="test_stream_before_first_frame_and_handler_crash_require_manual_reconcile" time="0.996" /><testcase classname="tests.test_m0_api" name="test_stream_acceptance_requires_committed_resource_cursor_and_bounds_first_frame" time="1.596" /><testcase classname="tests.test_m0_api" name="test_api_session_run_admission_returns_json_conflict_and_releases_unentered_stream" time="1.627" /></testsuite></testsuites>