<?xml version="1.0" encoding="utf-8"?><testsuites name="pytest tests"><testsuite name="pytest" errors="0" failures="0" skipped="0" tests="3" time="25.884" timestamp="2026-09-18T10:19:01.315106+08:00" hostname="BIGOdeMacBook-Pro.local"><testcase classname="tests.test_b27_evaluation" name="test_b27_fixture_is_fixed_and_split" time="0.335" /><testcase classname="tests.test_b27_evaluation" name="test_b27_deterministic_comparison_uses_real_host_and_freezes_learning" time="25.510" /><testcase classname="tests.test_b27_evaluation" name="test_b27_real_without_provider_is_explicitly_blocked" time="0.024" /></testsuite></testsuites>