<?xml version="1.0" encoding="utf-8"?><testsuites name="pytest tests"><testsuite name="pytest" errors="0" failures="0" skipped="0" tests="16" time="32.415" timestamp="2026-09-17T18:54:20.916147+08:00" hostname="BIGOdeMacBook-Pro.local"><testcase classname="tests.test_phase45_migration" name="test_v11_manifest_is_frozen_without_rewriting_v1_to_v10" time="0.025" /><testcase classname="tests.test_phase45_migration" name="test_v12_is_additive_and_v11_manifest_remains_frozen" time="1.227" /><testcase classname="tests.test_phase45_migration" name="test_v1_through_v10_upgrade_to_v11_preserves_existing_rows[1]" time="1.722" /><testcase classname="tests.test_phase45_migration" name="test_v1_through_v10_upgrade_to_v11_preserves_existing_rows[2]" time="1.705" /><testcase classname="tests.test_phase45_migration" name="test_v1_through_v10_upgrade_to_v11_preserves_existing_rows[3]" time="1.775" /><testcase classname="tests.test_phase45_migration" name="test_v1_through_v10_upgrade_to_v11_preserves_existing_rows[4]" time="1.693" /><testcase classname="tests.test_phase45_migration" name="test_v1_through_v10_upgrade_to_v11_preserves_existing_rows[5]" time="1.697" /><testcase classname="tests.test_phase45_migration" name="test_v1_through_v10_upgrade_to_v11_preserves_existing_rows[6]" time="1.712" /><testcase classname="tests.test_phase45_migration" name="test_v1_through_v10_upgrade_to_v11_preserves_existing_rows[7]" time="1.724" /><testcase classname="tests.test_phase45_migration" name="test_v1_through_v10_upgrade_to_v11_preserves_existing_rows[8]" time="1.715" /><testcase classname="tests.test_phase45_migration" name="test_v1_through_v10_upgrade_to_v11_preserves_existing_rows[9]" time="1.747" /><testcase classname="tests.test_phase45_migration" name="test_v1_through_v10_upgrade_to_v11_preserves_existing_rows[10]" time="1.775" /><testcase classname="tests.test_phase45_migration" name="test_concurrent_v11_initialization_is_serial_and_repeatable" time="7.745" /><testcase classname="tests.test_phase45_migration" name="test_v11_failure_is_atomic_for_v10_and_empty_databases" time="1.777" /><testcase classname="tests.test_phase45_migration" name="test_v11_rollback_requires_empty_isolated_database" time="3.301" /><testcase classname="tests.test_phase45_migration" name="test_mcp_lifecycle_events_are_append_only_and_configs_store_references" time="0.833" /></testsuite></testsuites>