<?xml version="1.0" encoding="utf-8"?><testsuites name="pytest tests"><testsuite name="pytest" errors="0" failures="0" skipped="1" tests="889" time="522.223" timestamp="2026-09-13T12:19:01.621872+08:00" hostname="BIGOdeMacBook-Pro.local"><testcase classname="tests.test_agent_loop" name="test_tool_result_is_returned_to_model_context" time="0.005" /><testcase classname="tests.test_agent_loop" name="test_workspace_path_escape_is_returned_as_tool_error" time="0.001" /><testcase classname="tests.test_agent_loop" name="test_failed_test_feedback_drives_a_second_patch_and_verification" time="0.428" /><testcase classname="tests.test_agent_loop" name="test_repeated_test_failure_stops_the_agent_without_another_model_turn" time="0.437" /><testcase classname="tests.test_agent_loop" name="test_approval_pauses_and_resumes_before_git_write" time="0.075" /><testcase classname="tests.test_api" name="test_health_and_empty_registries" time="0.833" /><testcase classname="tests.test_api" name="test_registry_crud_default_roles_and_snapshot_override" time="0.986" /><testcase classname="tests.test_api" name="test_task_queries_trace_export_and_cancel" time="0.876" /><testcase classname="tests.test_b23_legacy_acceptance" name="test_v14_to_v15_project_memory_migration_is_quarantined_and_scoped" time="2.659" /><testcase classname="tests.test_b23_management" name="test_installed_standard_candidate_cas_query_and_disable" time="1.412" /><testcase classname="tests.test_b23_management" name="test_keep_reinstall_delete_cleans_all_exclusive_resources" time="1.278" /><testcase classname="tests.test_b23_management" name="test_retained_export_delete_without_package" time="1.126" /><testcase classname="tests.test_b23_management" name="test_idempotent_command_and_cross_project_binding" time="1.001" /><testcase classname="tests.test_b23_management" name="test_protocol_and_actual_management_api" time="0.862" /><testcase classname="tests.test_b23_management" name="test_v14_upgrade_history_and_schema_fence" time="1.998" /><testcase classname="tests.test_b23_management" name="test_global_close_reports_active_run_blocker" time="0.934" /><testcase classname="tests.test_b23_management" name="test_export_replay_preserves_result_then_dataset_delete_purges_it" time="1.138" /><testcase classname="tests.test_b23_management" name="test_skill_actual_copy_project_load_stop_and_uninstall" time="1.021" /><testcase classname="tests.test_b23_management" name="test_artifact_existing_retention_and_audit" time="1.089" /><testcase classname="tests.test_b23_management" name="test_disable_cancels_inflight_management_rpc_before_publication" time="1.955" /><testcase classname="tests.test_b23_management" name="test_inactive_candidate_from_malicious_plugin_is_rejected" time="1.176" /><testcase classname="tests.test_b23_management" name="test_plugin_cannot_forge_proposal_provenance[principal]" time="1.130" /><testcase classname="tests.test_b23_management" name="test_plugin_cannot_forge_proposal_provenance[sources]" time="0.980" /><testcase classname="tests.test_b23_management" name="test_detach_preserves_active_project_and_source" time="0.992" /><testcase classname="tests.test_b23_management" name="test_setting_times_follow_values_and_role_versions" time="1.096" /><testcase classname="tests.test_b23_notebook" name="test_notebook_deactivation_removes_private_recall_entry" time="1.346" /><testcase classname="tests.test_b23_notebook" name="test_notebook_reinstall_rebuilds_exact_recall_after_host_restart" time="1.352" /><testcase classname="tests.test_b23_session_context" name="test_session_context_keeps_tools_and_history_when_memory_is_off" time="1.440" /><testcase classname="tests.test_b2_1_benchmark" name="test_b2_1_fixture_is_fixed_split_and_covers_mp05_cases" time="0.002" /><testcase classname="tests.test_b2_1_benchmark" name="test_b2_1_benchmark_uses_isolated_old_paths_and_no_model" time="2.146" /><testcase classname="tests.test_b2_1_benchmark" name="test_b2_1_hard_gate_and_performance_tolerances_are_frozen" time="1.886" /><testcase classname="tests.test_b2_1_contracts" name="test_contract_fixtures_are_typed_and_round_trip" time="0.002" /><testcase classname="tests.test_b2_1_contracts" name="test_unknown_or_implicit_scope_fails_closed[global]" time="0.001" /><testcase classname="tests.test_b2_1_contracts" name="test_unknown_or_implicit_scope_fails_closed[project]" time="0.001" /><testcase classname="tests.test_b2_1_contracts" name="test_unknown_or_implicit_scope_fails_closed[unknown]" time="0.001" /><testcase classname="tests.test_b2_1_contracts" name="test_unknown_or_implicit_scope_fails_closed[workspace:*]" time="0.001" /><testcase classname="tests.test_b2_1_contracts" name="test_scope_does_not_accept_path_or_infer_missing_identity" time="0.000" /><testcase classname="tests.test_b2_1_contracts" name="test_cursor_is_lossless_but_stays_within_sqlite_int64" time="0.000" /><testcase classname="tests.test_b2_1_contracts" name="test_unknown_or_mismatched_dataset_owner_is_rejected" time="0.001" /><testcase classname="tests.test_b2_1_contracts" name="test_dataset_copy_is_distinct_from_installation_transfer" time="0.000" /><testcase classname="tests.test_b2_1_contracts" name="test_uninstall_requires_explicit_policy_and_inventory_and_has_bounded_cleanup" time="0.001" /><testcase classname="tests.test_b2_1_contracts" name="test_lifecycle_cannot_complete_with_unfinished_cleanup[pending]" time="0.001" /><testcase classname="tests.test_b2_1_contracts" name="test_lifecycle_cannot_complete_with_unfinished_cleanup[blocked]" time="0.001" /><testcase classname="tests.test_b2_1_contracts" name="test_lifecycle_cannot_complete_with_unfinished_cleanup[external_unconfirmed]" time="0.001" /><testcase classname="tests.test_b2_1_contracts" name="test_lifecycle_acceptance_is_distinct_from_terminal_success" time="0.001" /><testcase classname="tests.test_b2_1_contracts" name="test_private_index_payload_and_owner_are_explicit" time="0.001" /><testcase classname="tests.test_b2_1_contracts" name="test_current_admission_evidence_is_required_in_both_modes" time="0.001" /><testcase classname="tests.test_b2_1_contracts" name="test_global_disable_cannot_be_overridden_in_enabled_binding" time="0.000" /><testcase classname="tests.test_b2_1_contracts" name="test_published_head_cannot_point_to_another_record_or_missing_version" time="0.000" /><testcase classname="tests.test_b2_1_contracts" name="test_memory_pack_covers_explicit_refs_with_one_budget_and_dataset" time="0.001" /><testcase classname="tests.test_b2_1_contracts" name="test_rpc_requires_epoch_deadline_cancel_and_idempotency" time="0.000" /><testcase classname="tests.test_b2_1_contracts" name="test_generation_is_deterministic_and_does_not_change_live_protocol" time="0.163" /><testcase classname="tests.test_b2_1_contracts" name="test_task_source_does_not_admit_assignment_message_as_board_task" time="0.000" /><testcase classname="tests.test_b2_2_api" name="test_model_role_idempotency_and_versioned_snapshots" time="1.110" /><testcase classname="tests.test_b2_2_api" name="test_session_thread_workspace_binding_and_typed_failures" time="0.948" /><testcase classname="tests.test_b2_2_api" name="test_graph_with_plugin_dependency_is_rejected_without_affecting_plain_graphs" time="0.000" /><testcase classname="tests.test_b2_2_api" name="test_task_projection_keeps_session_and_workflow_sources_and_cancel_admission" time="1.007" /><testcase classname="tests.test_b2_2_api" name="test_session_history_is_canonical_paginated_redacted_and_refreshable" time="0.938" /><testcase classname="tests.test_b2_2_api" name="test_core_owns_explicit_host_lifetime_but_never_installs_implicitly" time="1.635" /><testcase classname="tests.test_b2_2_api" name="test_task_lookup_is_exact_not_limited_to_first_list_page" time="0.946" /><testcase classname="tests.test_b2_2_api" name="test_empty_registered_workspace_can_create_first_thread_and_session" time="0.920" /><testcase classname="tests.test_b2_2_api" name="test_gui_run_persists_canonical_history_once_and_survives_reopen" time="1.918" /><testcase classname="tests.test_b2_2_api" name="test_factory_failure_projects_session_terminal_history_and_allows_new_round" time="1.836" /><testcase classname="tests.test_b2_2_protocol_sdk" name="test_b2_client_negotiates_and_sends_typed_paths_and_idempotency" time="0.000" /><testcase classname="tests.test_b2_2_protocol_sdk" name="test_b2_client_protocol_errors_missing_fields_unknown_resource_and_disconnect" time="0.000" /><testcase classname="tests.test_b2_2_protocol_sdk" name="test_b2_schema_and_generated_clients_are_deterministic_and_legacy_files_frozen" time="2.168" /><testcase classname="tests.test_b2_2_protocol_sdk" name="test_b2_operation_surface_is_additive_and_excludes_old_protocol_operations" time="0.001" /><testcase classname="tests.test_beta_auth" name="test_oauth_pkce_session_origin_and_logout" time="0.992" /><testcase classname="tests.test_beta_auth" name="test_oauth_config_is_all_or_nothing_and_https_only" time="0.001" /><testcase classname="tests.test_beta_auth" name="test_id_token_signature_and_callback_shape_fail_closed" time="0.937" /><testcase classname="tests.test_beta_auth" name="test_callback_requires_initiating_browser_and_malformed_jwk_fails_closed" time="1.132" /><testcase classname="tests.test_beta_auth" name="test_oauth_endpoints_and_redirect_are_strict" time="0.001" /><testcase classname="tests.test_beta_auth" name="test_callback_rejects_duplicate_parameters_without_consuming_state" time="0.976" /><testcase classname="tests.test_beta_auth" name="test_id_token_rejects_invalid_time_claims[extra_claims0]" time="0.987" /><testcase classname="tests.test_beta_auth" name="test_id_token_rejects_invalid_time_claims[extra_claims1]" time="0.850" /><testcase classname="tests.test_beta_auth" name="test_id_token_rejects_invalid_time_claims[extra_claims2]" time="0.879" /><testcase classname="tests.test_beta_auth" name="test_id_token_rejects_invalid_time_claims[extra_claims3]" time="0.898" /><testcase classname="tests.test_beta_auth" name="test_id_token_rejects_weak_rsa_key" time="0.838" /><testcase classname="tests.test_beta_auth" name="test_oauth_provider_responses_are_stream_bounded[oversized_token]" time="0.877" /><testcase classname="tests.test_beta_auth" name="test_oauth_provider_responses_are_stream_bounded[oversized_jwks]" time="0.872" /><testcase classname="tests.test_beta_auth" name="test_login_is_bounded_and_returns_retry_after" time="1.151" /><testcase classname="tests.test_beta_container_lifecycle" name="test_container_lifecycle_is_durable_fenced_and_explicitly_reconciled" time="1.011" /><testcase classname="tests.test_beta_container_lifecycle" name="test_container_routes_are_local_and_side_effects_are_opt_in" time="1.067" /><testcase classname="tests.test_beta_contract_migration" name="test_v14_manifest_is_frozen_and_additive" time="1.361" /><testcase classname="tests.test_beta_contract_migration" name="test_v14_gateway_binding_and_events_are_guarded" time="0.715" /><testcase classname="tests.test_beta_contract_migration" name="test_v14_rollback_requires_empty_tables" time="2.313" /><testcase classname="tests.test_beta_contract_migration" name="test_v14_gateway_connection_registry_is_fenced_and_append_only" time="0.729" /><testcase classname="tests.test_beta_gateway_connectors" name="test_gateway_exposes_uvicorn_transport_limit" time="0.000" /><testcase classname="tests.test_beta_gateway_connectors" name="test_gateway_rejects_origin_before_accepting" time="0.003" /><testcase classname="tests.test_beta_gateway_connectors" name="test_gateway_requires_explicit_subprotocol" time="0.002" /><testcase classname="tests.test_beta_gateway_connectors" name="test_gateway_cursor_sync_is_authoritative_and_not_relay_ack" time="0.003" /><testcase classname="tests.test_beta_gateway_connectors" name="test_gateway_requires_hello_and_rejects_identity_override" time="0.003" /><testcase classname="tests.test_beta_gateway_connectors" name="test_http_target_connector_verifies_identity_and_fencing" time="0.007" /><testcase classname="tests.test_beta_gateway_connectors" name="test_http_target_connector_treats_unsigned_result_as_unknown" time="0.001" /><testcase classname="tests.test_beta_gateway_connectors" name="test_http_target_connector_treats_unsigned_4xx_as_unknown" time="0.001" /><testcase classname="tests.test_beta_gateway_connectors" name="test_http_target_connector_limits_stream_before_signature_check" time="0.001" /><testcase classname="tests.test_beta_gateway_connectors" name="test_http_target_connector_requires_signed_cancel_receipt" time="0.001" /><testcase classname="tests.test_beta_gateway_connectors" name="test_container_writer_create_is_digest_pinned_and_bounded" time="0.001" /><testcase classname="tests.test_beta_gateway_connectors" name="test_container_writer_rejects_non_hex_image_digest" time="0.000" /><testcase classname="tests.test_beta_gateway_connectors" name="test_container_crash_cleanup_preserves_running_container" time="0.001" /><testcase classname="tests.test_beta_gateway_connectors" name="test_container_crash_cleanup_preserves_exited_container" time="0.001" /><testcase classname="tests.test_beta_gateway_connectors" name="test_container_crash_cleanup_removes_only_never_started_created" time="0.001" /><testcase classname="tests.test_beta_gateway_connectors" name="test_container_writer_roots_are_independent_and_revalidated" time="0.002" /><testcase classname="tests.test_beta_gateway_connectors" name="test_host_connector_acks_only_after_host_receipt" time="0.001" /><testcase classname="tests.test_beta_gateway_connectors" name="test_host_connector_rejects_misbound_envelope_without_ack" time="0.001" /><testcase classname="tests.test_beta_gateway_connectors" name="test_host_connector_revalidates_protocol_and_ttl" time="0.001" /><testcase classname="tests.test_beta_protocol_sdk" name="test_beta_schema_and_clients_are_reproducible_and_additive" time="4.484" /><testcase classname="tests.test_beta_protocol_sdk" name="test_beta_client_negotiates_and_reuses_container_idempotency_key" time="0.000" /><testcase classname="tests.test_beta_server" name="test_loopback_server_is_bounded_without_remote_gateway" time="0.808" /><testcase classname="tests.test_beta_server" name="test_server_rejects_wildcard_public_and_ambiguous_hosts[0.0.0.0]" time="0.000" /><testcase classname="tests.test_beta_server" name="test_server_rejects_wildcard_public_and_ambiguous_hosts[::]" time="0.000" /><testcase classname="tests.test_beta_server" name="test_server_rejects_wildcard_public_and_ambiguous_hosts[8.8.8.8]" time="0.000" /><testcase classname="tests.test_beta_server" name="test_server_rejects_wildcard_public_and_ambiguous_hosts[core.example]" time="0.001" /><testcase classname="tests.test_beta_server" name="test_gateway_limit_is_wired_to_uvicorn_and_requires_tls" time="0.001" /><testcase classname="tests.test_beta_server" name="test_private_network_requires_tls_and_oauth" time="0.000" /><testcase classname="tests.test_beta_server" name="test_desktop_bridge_has_exact_origin_and_stays_on_loopback" time="0.801" /><testcase classname="tests.test_cli_week3" name="test_workflow_inspection_trace_and_cancel_commands" time="0.814" /><testcase classname="tests.test_cli_week3" name="test_workflow_resume_passes_allow_coder_replay" time="0.735" /><testcase classname="tests.test_cli_week3" name="test_memory_commands_use_session_snapshot_for_permissions" time="0.810" /><testcase classname="tests.test_evaluation_api_cli" name="test_evaluation_api_crud_sse_and_safe_results" time="0.895" /><testcase classname="tests.test_evaluation_api_cli" name="test_evaluation_cli_crud_stream_and_absolute_artifact_root" time="0.832" /><testcase classname="tests.test_evaluation_domain" name="test_suite_supports_week4_ablation_dimensions_and_is_bounded" time="0.003" /><testcase classname="tests.test_evaluation_domain" name="test_verification_argv_rejects_shell_network_secrets_and_arbitrary_executables[argv0]" time="0.000" /><testcase classname="tests.test_evaluation_domain" name="test_verification_argv_rejects_shell_network_secrets_and_arbitrary_executables[argv1]" time="0.000" /><testcase classname="tests.test_evaluation_domain" name="test_verification_argv_rejects_shell_network_secrets_and_arbitrary_executables[argv2]" time="0.000" /><testcase classname="tests.test_evaluation_domain" name="test_verification_argv_rejects_shell_network_secrets_and_arbitrary_executables[argv3]" time="0.000" /><testcase classname="tests.test_evaluation_domain" name="test_verification_argv_rejects_shell_network_secrets_and_arbitrary_executables[argv4]" time="0.000" /><testcase classname="tests.test_evaluation_domain" name="test_metrics_aggregation_keeps_unknowns_as_none_and_classifies_trace_failure" time="0.001" /><testcase classname="tests.test_evaluation_domain" name="test_interrupted_results_keep_the_planned_matrix_and_metrics_unknown" time="0.000" /><testcase classname="tests.test_evaluation_domain" name="test_interrupted_result_contract_keeps_identity_and_execution_facts_unknown" time="0.000" /><testcase classname="tests.test_evaluation_domain" name="test_case_changed_paths_and_secret_safe_prompt_are_checked" time="0.001" /><testcase classname="tests.test_evaluation_domain" name="test_failed_result_retains_an_out_of_contract_changed_path_for_analysis" time="0.000" /><testcase classname="tests.test_evaluation_domain" name="test_prompt_hash_workflow_slots_and_actual_snapshot_contract_are_strict" time="0.000" /><testcase classname="tests.test_evaluation_domain" name="test_role_drift_error_retains_actual_selected_role_only" time="0.001" /><testcase classname="tests.test_evaluation_domain" name="test_actual_memory_and_environment_can_add_unpinned_execution_facts" time="0.000" /><testcase classname="tests.test_evaluation_persistence" name="test_evaluation_store_crud_results_and_snapshot_contract" time="1.136" /><testcase classname="tests.test_evaluation_persistence" name="test_evaluation_result_update_allows_each_pending_to_terminal_status[passed]" time="0.722" /><testcase classname="tests.test_evaluation_persistence" name="test_evaluation_result_update_allows_each_pending_to_terminal_status[failed]" time="0.720" /><testcase classname="tests.test_evaluation_persistence" name="test_evaluation_result_update_allows_each_pending_to_terminal_status[error]" time="0.721" /><testcase classname="tests.test_evaluation_persistence" name="test_evaluation_result_update_allows_each_pending_to_terminal_status[skipped]" time="0.722" /><testcase classname="tests.test_evaluation_persistence" name="test_evaluation_result_update_allows_each_pending_to_terminal_status[interrupted]" time="0.730" /><testcase classname="tests.test_evaluation_persistence" name="test_evaluation_running_runs_become_interrupted_after_reopen" time="1.520" /><testcase classname="tests.test_evaluation_rca" name="test_rca_classifies_exp24_tool_hallucination_and_apply_patch_ambiguity" time="0.000" /><testcase classname="tests.test_evaluation_rca" name="test_rca_classifies_no_progress_dependency_and_workflow_protocol_edges" time="0.001" /><testcase classname="tests.test_evaluation_rca" name="test_rca_maps_external_verification_to_environment_without_raw_output" time="0.000" /><testcase classname="tests.test_evaluation_runner" name="test_runner_isolates_secrets_and_captures_memory_metrics_and_cost" time="1.154" /><testcase classname="tests.test_evaluation_runner" name="test_runner_cost_is_unknown_when_pricing_is_missing" time="1.000" /><testcase classname="tests.test_evaluation_runner" name="test_runner_persists_pending_before_execution_and_updates_the_same_row" time="0.997" /><testcase classname="tests.test_evaluation_runner" name="test_closing_a_started_run_updates_its_pending_row_to_interrupted" time="0.777" /><testcase classname="tests.test_evaluation_runner" name="test_reopen_marks_scheduled_pending_result_interrupted_after_session_start" time="1.284" /><testcase classname="tests.test_evaluation_runner" name="test_verification_timeout_uses_argv_execution_and_records_no_raw_output" time="1.011" /><testcase classname="tests.test_evaluation_runner" name="test_role_snapshot_drift_becomes_complete_error_result" time="0.850" /><testcase classname="tests.test_evaluation_workflow" name="test_runner_executes_explicit_workflow_slots_without_memory_writeback" time="2.128" /><testcase classname="tests.test_evaluation_workflow" name="test_workflow_role_drift_stops_before_coordinator_and_records_actual_roles" time="0.899" /><testcase classname="tests.test_execution" name="test_docker_argv_has_network_resource_and_mount_boundaries" time="0.001" /><testcase classname="tests.test_execution" name="test_default_coder_uses_docker_runner" time="0.000" /><testcase classname="tests.test_execution" name="test_docker_snapshot_excludes_secrets_and_local_runtime_data" time="0.004" /><testcase classname="tests.test_execution" name="test_shell_command_requires_approval_before_execution" time="0.001" /><testcase classname="tests.test_execution" name="test_host_runner_reports_timeout_and_output_truncation" time="1.030" /><testcase classname="tests.test_execution" name="test_docker_runner_integration_when_an_image_is_explicitly_provided" time="0.003"><skipped type="pytest.skip" message="requires Docker and OPERANT_DOCKER_TEST_IMAGE">/private/tmp/operant-b2-3/tests/test_execution.py:144: requires Docker and OPERANT_DOCKER_TEST_IMAGE</skipped></testcase><testcase classname="tests.test_m0_api" name="test_mutating_commands_generate_persist_and_replay_idempotency_receipts" time="1.101" /><testcase classname="tests.test_m0_api" name="test_command_scope_hashes_full_long_path_and_preserves_workflow_alias" time="0.849" /><testcase classname="tests.test_m0_api" name="test_trailing_slash_redirect_does_not_consume_idempotency_receipt" time="0.842" /><testcase classname="tests.test_m0_api" name="test_error_envelopes_hide_invalid_inputs_and_unknown_exception_details" time="2.540" /><testcase classname="tests.test_m0_api" name="test_command_receipt_and_replay_redact_success_and_normalize_failure" time="0.873" /><testcase classname="tests.test_m0_api" name="test_last_event_id_is_route_scoped_and_new_workflow_never_starts" time="0.843" /><testcase classname="tests.test_m0_api" name="test_event_cursors_reject_values_above_sqlite_integer_range" time="0.825" /><testcase classname="tests.test_m0_api" name="test_session_and_evaluation_sse_ids_match_persisted_open_interval_cursor" time="1.555" /><testcase classname="tests.test_m0_api" name="test_real_session_run_first_frame_creates_replayable_202_receipt" time="1.281" /><testcase classname="tests.test_m0_api" name="test_session_run_receipt_rejects_cross_session_first_frame_and_replays_manual_state" time="1.242" /><testcase classname="tests.test_m0_api" name="test_stream_before_first_frame_and_handler_crash_require_manual_reconcile" time="0.851" /><testcase classname="tests.test_m0_api" name="test_stream_acceptance_requires_committed_resource_cursor_and_bounds_first_frame" time="1.250" /><testcase classname="tests.test_m0_api" name="test_api_session_run_admission_returns_json_conflict_and_releases_unentered_stream" time="1.284" /><testcase classname="tests.test_m0_persistence" name="test_unversioned_week1_and_full_week1_to_4_databases_upgrade_with_data" time="2.656" /><testcase classname="tests.test_m0_persistence" name="test_unversioned_schema_version_rejects_fake_week1_shape" time="0.237" /><testcase classname="tests.test_m0_persistence" name="test_migrations_are_atomic_reject_corruption_and_support_explicit_empty_rollback" time="6.403" /><testcase classname="tests.test_m0_persistence" name="test_concurrent_migration_to_same_target_is_repeatable" time="1.283" /><testcase classname="tests.test_m0_persistence" name="test_each_migration_and_downgrade_step_revalidates_the_manifest" time="6.561" /><testcase classname="tests.test_m0_persistence" name="test_exact_preview_histories_upgrade_but_unknown_or_drifted_preview_is_rejected" time="4.414" /><testcase classname="tests.test_m0_persistence" name="test_schema_manifest_rejects_structural_and_data_drift[fake_migration_table]" time="1.959" /><testcase classname="tests.test_m0_persistence" name="test_schema_manifest_rejects_structural_and_data_drift[extra_table]" time="1.929" /><testcase classname="tests.test_m0_persistence" name="test_schema_manifest_rejects_structural_and_data_drift[extra_view]" time="1.937" /><testcase classname="tests.test_m0_persistence" name="test_schema_manifest_rejects_structural_and_data_drift[extra_trigger]" time="1.939" /><testcase classname="tests.test_m0_persistence" name="test_schema_manifest_rejects_structural_and_data_drift[extra_index]" time="1.928" /><testcase classname="tests.test_m0_persistence" name="test_schema_manifest_rejects_structural_and_data_drift[duplicate_unique]" time="2.008" /><testcase classname="tests.test_m0_persistence" name="test_schema_manifest_rejects_structural_and_data_drift[drop_required_index]" time="2.012" /><testcase classname="tests.test_m0_persistence" name="test_schema_manifest_rejects_structural_and_data_drift[drop_fts_data]" time="2.179" /><testcase classname="tests.test_m0_persistence" name="test_schema_manifest_rejects_structural_and_data_drift[drop_fts_idx]" time="1.934" /><testcase classname="tests.test_m0_persistence" name="test_schema_manifest_rejects_structural_and_data_drift[fts_options]" time="1.949" /><testcase classname="tests.test_m0_persistence" name="test_schema_manifest_rejects_structural_and_data_drift[remove_autoincrement]" time="1.939" /><testcase classname="tests.test_m0_persistence" name="test_schema_manifest_rejects_structural_and_data_drift[remove_foreign_key]" time="1.948" /><testcase classname="tests.test_m0_persistence" name="test_schema_manifest_rejects_structural_and_data_drift[extra_default]" time="1.944" /><testcase classname="tests.test_m0_persistence" name="test_schema_manifest_rejects_structural_and_data_drift[orphan_row]" time="2.019" /><testcase classname="tests.test_m0_persistence" name="test_tool_and_command_receipts_replay_conflict_and_restart_unknown" time="1.457" /><testcase classname="tests.test_m0_persistence" name="test_new_tool_receipt_requires_clean_initial_state_and_agent_session_binding" time="0.756" /><testcase classname="tests.test_m0_persistence" name="test_approval_cas_expiry_audit_restart_and_exact_action_hash" time="1.166" /><testcase classname="tests.test_m0_persistence" name="test_approval_creation_requires_pending_exact_in_progress_receipt" time="0.769" /><testcase classname="tests.test_m0_persistence" name="test_evaluation_events_use_live_sqlite_cursor_and_open_interval_replay" time="0.716" /><testcase classname="tests.test_mcp_adapter" name="test_tool_snapshot_and_gateway_fence" time="0.001" /><testcase classname="tests.test_mcp_adapter" name="test_deny_or_ask_never_reaches_server[deny]" time="0.001" /><testcase classname="tests.test_mcp_adapter" name="test_deny_or_ask_never_reaches_server[ask]" time="0.001" /><testcase classname="tests.test_mcp_adapter" name="test_revoked_lease_never_reaches_server_and_is_audited" time="0.001" /><testcase classname="tests.test_mcp_adapter" name="test_expired_lease_is_rejected_before_gateway_consumption" time="0.000" /><testcase classname="tests.test_mcp_adapter" name="test_schema_snapshot_rejects_unknown_and_invalid_arguments" time="0.000" /><testcase classname="tests.test_mcp_adapter" name="test_schema_validation_is_recursive_and_fail_closed" time="0.002" /><testcase classname="tests.test_mcp_adapter" name="test_schema_snapshot_rejects_unsupported_keywords" time="0.000" /><testcase classname="tests.test_mcp_adapter" name="test_rejects_oversized_tool_schema_and_closes_transport" time="0.000" /><testcase classname="tests.test_mcp_adapter" name="test_legacy_sse_uses_endpoint_and_secret_references" time="0.002" /><testcase classname="tests.test_mcp_adapter" name="test_legacy_sse_rejects_insecure_endpoint_and_mismatched_id" time="0.001" /><testcase classname="tests.test_mcp_adapter" name="test_legacy_sse_rejects_cross_origin_message_endpoint" time="0.002" /><testcase classname="tests.test_mcp_adapter" name="test_stdio_is_docker_argv_only_bounded_and_stderr_is_redacted" time="0.003" /><testcase classname="tests.test_mcp_adapter" name="test_stdio_timeout_is_fail_closed" time="0.054" /><testcase classname="tests.test_mcp_adapter" name="test_stdio_rejects_oversized_snapshot_before_docker" time="0.004" /><testcase classname="tests.test_mcp_adapter" name="test_stdio_snapshot_rejects_symbolic_links" time="0.002" /><testcase classname="tests.test_mcp_adapter" name="test_stdio_snapshot_replacement_race_fails_without_copying_target" time="0.002" /><testcase classname="tests.test_memory" name="test_task_a_saves_verification_command_and_task_b_reuses_it" time="0.729" /><testcase classname="tests.test_memory" name="test_candidate_requires_confirmation_and_updates_are_versioned" time="0.738" /><testcase classname="tests.test_memory" name="test_memory_scope_prevents_cross_kind_and_cross_project_access" time="0.742" /><testcase classname="tests.test_memory_ledger" name="test_schema_is_namespaced_and_version_is_immutable" time="0.008" /><testcase classname="tests.test_memory_ledger" name="test_candidate_does_not_move_head_and_confirm_uses_cas" time="0.011" /><testcase classname="tests.test_memory_ledger" name="test_idempotency_digest_binds_cas_and_proposal_fields" time="0.009" /><testcase classname="tests.test_memory_ledger" name="test_new_record_save_checks_expected_head_revision" time="0.008" /><testcase classname="tests.test_memory_ledger" name="test_proposal_owner_and_sources_match_stored_version" time="0.008" /><testcase classname="tests.test_memory_ledger" name="test_correction_deactivation_sources_scope_and_count" time="0.012" /><testcase classname="tests.test_memory_ledger" name="test_dataset_isolation_export_and_logical_tombstone" time="0.013" /><testcase classname="tests.test_memory_ledger" name="test_legacy_import_is_explicitly_scoped_and_never_published" time="0.008" /><testcase classname="tests.test_memory_ledger" name="test_legacy_payload_scope_cannot_override_registered_scope" time="0.007" /><testcase classname="tests.test_memory_ledger" name="test_legacy_sqlite_source_is_read_only_and_export_is_json_serializable" time="0.008" /><testcase classname="tests.test_memory_packages" name="test_packages_have_distinct_manifests_and_host_digest_identity" time="0.013" /><testcase classname="tests.test_memory_packages" name="test_installed_package_runs_real_extract_and_recall_boundary[memory-standard]" time="0.069" /><testcase classname="tests.test_memory_packages" name="test_installed_package_runs_real_extract_and_recall_boundary[memory-notebook]" time="0.111" /><testcase classname="tests.test_memory_packages" name="test_notebook_config_is_loaded_from_installed_core_config" time="0.120" /><testcase classname="tests.test_memory_packages" name="test_notebook_respects_core_identity_and_only_promotes_on_index_event" time="0.148" /><testcase classname="tests.test_memory_packages" name="test_notebook_fallback_requires_an_exact_key_in_trusted_mode" time="0.146" /><testcase classname="tests.test_memory_packages" name="test_notebook_fallback_requires_an_exact_key_in_isolated_mode" time="0.605" /><testcase classname="tests.test_memory_packages" name="test_isolated_entrypoint_uses_stdlib_bidirectional_rpc[memory-standard]" time="0.061" /><testcase classname="tests.test_memory_packages" name="test_isolated_entrypoint_uses_stdlib_bidirectional_rpc[memory-notebook]" time="0.064" /><testcase classname="tests.test_memory_packages" name="test_notebook_isolated_fallback_reads_and_filters_exact_key" time="0.064" /><testcase classname="tests.test_openai_provider" name="test_model_discovery_and_streamed_tool_call" time="0.002" /><testcase classname="tests.test_openai_provider" name="test_output_limit_is_forwarded_and_missing_usage_fields_remain_unknown" time="0.001" /><testcase classname="tests.test_openai_provider" name="test_missing_secret_reports_reference_not_value" time="0.001" /><testcase classname="tests.test_phase0_reliability" name="test_output_budget_is_cumulative_and_provider_receives_remaining_limit" time="0.002" /><testcase classname="tests.test_phase0_reliability" name="test_missing_usage_fails_closed_before_tool_started_or_side_effect" time="0.002" /><testcase classname="tests.test_phase0_reliability" name="test_cost_budget_requires_exact_pricing_and_complete_usage" time="0.001" /><testcase classname="tests.test_phase0_reliability" name="test_cost_budget_compares_cumulative_decimal_cost_exactly[2000000-agent.completed]" time="0.002" /><testcase classname="tests.test_phase0_reliability" name="test_cost_budget_compares_cumulative_decimal_cost_exactly[2000001-budget.exhausted]" time="0.002" /><testcase classname="tests.test_phase0_reliability" name="test_tool_call_budget_stops_before_preparing_the_next_call" time="0.002" /><testcase classname="tests.test_phase0_reliability" name="test_lease_heartbeat_must_be_positive_and_below_ttl[0.0]" time="0.000" /><testcase classname="tests.test_phase0_reliability" name="test_lease_heartbeat_must_be_positive_and_below_ttl[5.0]" time="0.000" /><testcase classname="tests.test_phase0_reliability" name="test_lease_heartbeat_must_be_positive_and_below_ttl[6.0]" time="0.000" /><testcase classname="tests.test_phase0_reliability" name="test_default_lease_heartbeat_supports_sub_millisecond_ttl" time="0.000" /><testcase classname="tests.test_phase0_reliability" name="test_session_lease_expiry_reclaim_fences_stale_owner" time="0.734" /><testcase classname="tests.test_phase0_reliability" name="test_concurrent_session_lease_acquire_has_exactly_one_winner" time="0.868" /><testcase classname="tests.test_phase0_reliability" name="test_cancelled_lease_blocks_new_side_effect_reservation" time="0.759" /><testcase classname="tests.test_phase0_reliability" name="test_workflow_cancel_atomically_fences_every_unreleased_child_and_old_action" time="0.762" /><testcase classname="tests.test_phase0_reliability" name="test_session_lease_owner_and_agent_binding_are_fenced" time="0.755" /><testcase classname="tests.test_phase0_reliability" name="test_workflow_child_lease_requires_execution_guard" time="0.732" /><testcase classname="tests.test_phase0_reliability" name="test_service_stale_release_cannot_release_reclaimed_lease" time="0.722" /><testcase classname="tests.test_phase0_reliability" name="test_expired_lease_with_unknown_write_requires_manual_reconcile" time="0.749" /><testcase classname="tests.test_phase0_reliability" name="test_v3_unknown_session_write_blocks_first_v4_lease" time="0.952" /><testcase classname="tests.test_phase0_reliability" name="test_second_initialize_preserves_active_workflow_and_tool_receipt" time="1.099" /><testcase classname="tests.test_phase0_reliability" name="test_workflow_guard_fences_stale_token_and_generation" time="0.781" /><testcase classname="tests.test_phase0_reliability" name="test_cancelled_created_workflow_cannot_be_activated_or_create_children" time="0.752" /><testcase classname="tests.test_phase0_reliability" name="test_late_workflow_stage_and_completion_cannot_revive_cancelled_run" time="0.738" /><testcase classname="tests.test_phase0_reliability" name="test_workflow_guard_expiry_recovers_crashed_running_workflow" time="0.739" /><testcase classname="tests.test_phase0_reliability" name="test_trace_keeps_each_missing_usage_counter_unknown" time="0.000" /><testcase classname="tests.test_phase0_reliability" name="test_external_cancelled_error_persists_cancelled_agent_and_releases_lease" time="0.772" /><testcase classname="tests.test_phase0_reliability" name="test_cross_instance_cancel_fences_session_during_long_provider_wait" time="1.106" /><testcase classname="tests.test_phase0_reliability" name="test_workflow_guard_loss_interrupts_long_provider_and_releases_child" time="0.955" /><testcase classname="tests.test_phase0_reliability" name="test_budget_exhaustion_fails_workflow_before_next_role_starts" time="1.012" /><testcase classname="tests.test_phase0_reliability" name="test_cross_instance_workflow_cancel_stops_all_parallel_explorers" time="1.738" /><testcase classname="tests.test_phase0_reliability" name="test_cancelled_workflow_cannot_acquire_a_new_child_lease" time="0.719" /><testcase classname="tests.test_phase1a_api" name="test_thread_history_receipts_cursor_replay_and_archive_boundary" time="0.951" /><testcase classname="tests.test_phase1a_api" name="test_artifact_metadata_dedup_integrity_and_source_validation" time="1.500" /><testcase classname="tests.test_phase1a_api" name="test_artifact_text_limit_counts_utf8_bytes" time="0.000" /><testcase classname="tests.test_phase1a_api" name="test_artifact_body_limit_stops_chunked_or_falsely_small_stream_early[None]" time="0.795" /><testcase classname="tests.test_phase1a_api" name="test_artifact_body_limit_stops_chunked_or_falsely_small_stream_early[1]" time="0.795" /><testcase classname="tests.test_phase1a_api" name="test_invalid_artifact_source_creates_no_blob_temp_or_metadata" time="0.839" /><testcase classname="tests.test_phase1a_api" name="test_thread_legacy_mapping_is_explicit_and_does_not_rewrite_workflow" time="1.246" /><testcase classname="tests.test_phase1a_artifact_store" name="test_put_read_verify_and_controlled_storage_key" time="0.087" /><testcase classname="tests.test_phase1a_artifact_store" name="test_empty_content_is_addressed_and_verified" time="0.068" /><testcase classname="tests.test_phase1a_artifact_store" name="test_repeated_and_concurrent_writes_deduplicate" time="12.465" /><testcase classname="tests.test_phase1a_artifact_store" name="test_one_store_supports_concurrent_writers" time="2.238" /><testcase classname="tests.test_phase1a_artifact_store" name="test_streaming_is_bounded_and_failures_clean_temporary_files" time="0.044" /><testcase classname="tests.test_phase1a_artifact_store" name="test_detects_content_and_size_corruption" time="0.081" /><testcase classname="tests.test_phase1a_artifact_store" name="test_rejects_invalid_hash_size_and_closed_store" time="0.018" /><testcase classname="tests.test_phase1a_artifact_store" name="test_rejects_relative_or_traversing_root[relative]" time="0.001" /><testcase classname="tests.test_phase1a_artifact_store" name="test_rejects_relative_or_traversing_root[../escape]" time="0.001" /><testcase classname="tests.test_phase1a_artifact_store" name="test_rejects_root_and_ancestor_symlinks_without_external_write" time="0.018" /><testcase classname="tests.test_phase1a_artifact_store" name="test_rejects_symlinked_managed_directories[sha256]" time="0.010" /><testcase classname="tests.test_phase1a_artifact_store" name="test_rejects_symlinked_managed_directories[.tmp]" time="0.010" /><testcase classname="tests.test_phase1a_artifact_store" name="test_detects_managed_directory_replacement_after_open" time="0.027" /><testcase classname="tests.test_phase1a_artifact_store" name="test_publish_rejects_root_replacement_race_without_deleting_evidence" time="0.036" /><testcase classname="tests.test_phase1a_artifact_store" name="test_rejects_symlinked_shard_and_target_without_following_them" time="0.054" /><testcase classname="tests.test_phase1a_artifact_store" name="test_rejects_nonregular_blob_and_missing_blob" time="0.035" /><testcase classname="tests.test_phase1a_artifact_store" name="test_case_folded_hash_and_managed_aliases_are_not_accepted" time="0.042" /><testcase classname="tests.test_phase1a_artifact_store" name="test_constructor_rejects_invalid_limits" time="0.001" /><testcase classname="tests.test_phase1a_artifact_store" name="test_source_can_be_chunk_iterable" time="0.068" /><testcase classname="tests.test_phase1a_artifact_store" name="test_fifo_target_is_rejected_without_blocking" time="0.027" /><testcase classname="tests.test_phase1a_persistence" name="test_v1_through_v4_upgrade_to_v5_preserves_legacy_rows[1]" time="1.660" /><testcase classname="tests.test_phase1a_persistence" name="test_v1_through_v4_upgrade_to_v5_preserves_legacy_rows[2]" time="1.610" /><testcase classname="tests.test_phase1a_persistence" name="test_v1_through_v4_upgrade_to_v5_preserves_legacy_rows[3]" time="1.604" /><testcase classname="tests.test_phase1a_persistence" name="test_v1_through_v4_upgrade_to_v5_preserves_legacy_rows[4]" time="1.606" /><testcase classname="tests.test_phase1a_persistence" name="test_v5_migration_failure_is_atomic_and_empty_rollback_is_explicit" time="2.797" /><testcase classname="tests.test_phase1a_persistence" name="test_exact_phase1a_preview_adds_reference_guards_and_updates_checksum" time="0.966" /><testcase classname="tests.test_phase1a_persistence" name="test_v4_session_workflow_event_receipt_and_approval_remain_readable" time="1.001" /><testcase classname="tests.test_phase1a_persistence" name="test_thread_parent_workspace_legacy_mapping_and_no_automatic_backfill" time="0.748" /><testcase classname="tests.test_phase1a_persistence" name="test_turn_item_history_is_ordered_append_only_and_cursor_paginated" time="0.738" /><testcase classname="tests.test_phase1a_persistence" name="test_all_item_kinds_and_durable_references_are_validated" time="0.776" /><testcase classname="tests.test_phase1a_persistence" name="test_terminal_thread_fences_new_history_and_status_cannot_rewind" time="0.724" /><testcase classname="tests.test_phase1a_persistence" name="test_concurrent_turn_and_item_positions_are_unique_and_monotonic" time="1.072" /><testcase classname="tests.test_phase1a_persistence" name="test_artifact_metadata_is_atomic_deduplicated_and_path_free" time="0.724" /><testcase classname="tests.test_phase1a_persistence" name="test_direct_sql_rejects_forged_tool_results_and_source_refs" time="0.710" /><testcase classname="tests.test_phase1a_persistence" name="test_concurrent_artifact_registration_creates_one_logical_record" time="0.829" /><testcase classname="tests.test_phase1a_persistence" name="test_v5_manifest_rejects_trigger_and_table_drift" time="1.927" /><testcase classname="tests.test_phase1b_context" name="test_context_window_is_frozen_and_old_snapshots_remain_unknown" time="0.722" /><testcase classname="tests.test_phase1b_context" name="test_legacy_session_run_persists_exact_context_revision" time="0.776" /><testcase classname="tests.test_phase1b_context" name="test_old_snapshot_context_limit_is_unknown_not_zero" time="0.776" /><testcase classname="tests.test_phase1b_context" name="test_unknown_output_reserve_keeps_watermark_unknown" time="0.792" /><testcase classname="tests.test_phase1b_context" name="test_first_request_emergency_does_not_invent_compaction_cursors" time="0.768" /><testcase classname="tests.test_phase1b_context" name="test_context_snapshot_and_provider_input_share_the_same_secret_safe_payload" time="0.800" /><testcase classname="tests.test_phase1b_context" name="test_composer_construction_failure_is_safe_and_releases_the_run_lease" time="0.753" /><testcase classname="tests.test_phase1b_context" name="test_agent_factory_failure_releases_lease_and_records_session_failure" time="0.751" /><testcase classname="tests.test_phase1b_context" name="test_secret_shaped_workspace_and_custom_tool_are_redacted_end_to_end" time="1.050" /><testcase classname="tests.test_phase1b_context" name="test_tool_schema_key_collision_after_redaction_fails_closed" time="0.764" /><testcase classname="tests.test_phase1b_context" name="test_thread_item_artifact_and_memory_references_are_typed_and_explainable" time="0.902" /><testcase classname="tests.test_phase1b_context" name="test_unknown_thread_capacity_remains_nonzero_but_cumulative_source_is_bounded" time="0.959" /><testcase classname="tests.test_phase1b_context" name="test_large_thread_first_request_uses_exact_thread_item_compaction_evidence" time="0.992" /><testcase classname="tests.test_phase1b_context" name="test_thread_item_compaction_is_reused_across_requests" time="1.047" /><testcase classname="tests.test_phase1b_context" name="test_concurrent_thread_item_compaction_is_idempotent_across_revisions" time="1.011" /><testcase classname="tests.test_phase1b_context" name="test_empty_child_thread_does_not_inherit_parent_or_mix_cursor_namespaces" time="0.810" /><testcase classname="tests.test_phase1b_context" name="test_restricted_artifact_and_nonactive_memory_references_fail_closed" time="1.032" /><testcase classname="tests.test_phase1b_context" name="test_reference_user_text_is_redacted_before_binding_persistence" time="0.868" /><testcase classname="tests.test_phase1b_context" name="test_reference_permission_failure_is_safe_and_calls_no_provider" time="0.768" /><testcase classname="tests.test_phase1b_context" name="test_context_revision_survives_provider_failure_for_recovery_audit" time="0.766" /><testcase classname="tests.test_phase1b_context" name="test_dynamic_watermark_compacts_append_only_without_changing_thread_history" time="1.171" /><testcase classname="tests.test_phase1b_context" name="test_yellow_large_tool_result_becomes_recoverable_artifact_stub" time="1.093" /><testcase classname="tests.test_phase1b_context" name="test_tool_result_artifact_dedupes_across_agents_and_sessions" time="1.131" /><testcase classname="tests.test_phase1b_context" name="test_tool_result_writer_reuses_normal_hash_but_rejects_sensitive_hash" time="1.857" /><testcase classname="tests.test_phase1b_context" name="test_tool_result_artifact_failure_persists_no_partial_revision" time="0.820" /><testcase classname="tests.test_phase1b_context" name="test_concurrent_compose_of_same_request_is_idempotent" time="0.733" /><testcase classname="tests.test_phase1b_context" name="test_api_run_remains_optional_and_context_query_hides_prompt_content" time="0.937" /><testcase classname="tests.test_phase1b_context" name="test_context_revision_api_omits_tool_result_stub_summary" time="1.414" /><testcase classname="tests.test_phase1b_persistence" name="test_v1_through_v5_upgrade_to_v6_preserves_rows[1]" time="1.944" /><testcase classname="tests.test_phase1b_persistence" name="test_v1_through_v5_upgrade_to_v6_preserves_rows[2]" time="1.998" /><testcase classname="tests.test_phase1b_persistence" name="test_v1_through_v5_upgrade_to_v6_preserves_rows[3]" time="1.938" /><testcase classname="tests.test_phase1b_persistence" name="test_v1_through_v5_upgrade_to_v6_preserves_rows[4]" time="1.957" /><testcase classname="tests.test_phase1b_persistence" name="test_v1_through_v5_upgrade_to_v6_preserves_rows[5]" time="1.981" /><testcase classname="tests.test_phase1b_persistence" name="test_unrecognized_v6_preview_history_is_rejected_instead_of_adopted" time="0.515" /><testcase classname="tests.test_phase1b_persistence" name="test_v7_legacy_policy_projection_groups_multiple_artifacts" time="0.666" /><testcase classname="tests.test_phase1b_persistence" name="test_v6_failure_is_atomic_and_empty_rollback_is_explicit" time="2.953" /><testcase classname="tests.test_phase1b_persistence" name="test_concurrent_v6_initialization_and_context_request_identity" time="1.364" /><testcase classname="tests.test_phase1b_persistence" name="test_context_revision_and_children_are_immutable_and_ordered" time="0.744" /><testcase classname="tests.test_phase1b_persistence" name="test_phase1b_prompt_layout_rejects_custom_versions_and_relative_block_order" time="0.001" /><testcase classname="tests.test_phase1b_persistence" name="test_store_and_sql_triggers_reject_forged_item_provenance" time="0.767" /><testcase classname="tests.test_phase1b_persistence" name="test_store_rejects_forged_typed_prompt_block_sources[session]" time="0.753" /><testcase classname="tests.test_phase1b_persistence" name="test_store_rejects_forged_typed_prompt_block_sources[agent]" time="0.751" /><testcase classname="tests.test_phase1b_persistence" name="test_store_rejects_forged_typed_prompt_block_sources[thread]" time="0.759" /><testcase classname="tests.test_phase1b_persistence" name="test_store_rejects_forged_typed_prompt_block_sources[item]" time="0.764" /><testcase classname="tests.test_phase1b_persistence" name="test_store_rejects_forged_typed_prompt_block_sources[artifact]" time="0.753" /><testcase classname="tests.test_phase1b_persistence" name="test_store_rejects_forged_typed_prompt_block_sources[memory]" time="0.758" /><testcase classname="tests.test_phase1b_persistence" name="test_store_rejects_forged_typed_prompt_block_sources[tool_schema]" time="0.751" /><testcase classname="tests.test_phase1b_persistence" name="test_store_rejects_forged_typed_prompt_block_sources[compaction]" time="0.750" /><testcase classname="tests.test_phase1b_persistence" name="test_sql_trigger_rejects_forged_typed_prompt_block_sources[session]" time="0.770" /><testcase classname="tests.test_phase1b_persistence" name="test_sql_trigger_rejects_forged_typed_prompt_block_sources[agent]" time="0.762" /><testcase classname="tests.test_phase1b_persistence" name="test_sql_trigger_rejects_forged_typed_prompt_block_sources[thread]" time="0.842" /><testcase classname="tests.test_phase1b_persistence" name="test_sql_trigger_rejects_forged_typed_prompt_block_sources[item]" time="0.767" /><testcase classname="tests.test_phase1b_persistence" name="test_sql_trigger_rejects_forged_typed_prompt_block_sources[artifact]" time="0.761" /><testcase classname="tests.test_phase1b_persistence" name="test_sql_trigger_rejects_forged_typed_prompt_block_sources[memory]" time="0.755" /><testcase classname="tests.test_phase1b_persistence" name="test_sql_trigger_rejects_forged_typed_prompt_block_sources[tool_schema]" time="0.755" /><testcase classname="tests.test_phase1b_persistence" name="test_sql_trigger_rejects_forged_typed_prompt_block_sources[compaction]" time="0.757" /><testcase classname="tests.test_phase1b_persistence" name="test_sql_trigger_rejects_forged_typed_prompt_block_sources[unknown]" time="0.768" /><testcase classname="tests.test_phase1b_persistence" name="test_sql_trigger_rejects_wrong_hash_for_every_prompt_source[session]" time="0.768" /><testcase classname="tests.test_phase1b_persistence" name="test_sql_trigger_rejects_wrong_hash_for_every_prompt_source[agent]" time="0.764" /><testcase classname="tests.test_phase1b_persistence" name="test_sql_trigger_rejects_wrong_hash_for_every_prompt_source[thread]" time="0.762" /><testcase classname="tests.test_phase1b_persistence" name="test_sql_trigger_rejects_wrong_hash_for_every_prompt_source[item]" time="0.765" /><testcase classname="tests.test_phase1b_persistence" name="test_sql_trigger_rejects_wrong_hash_for_every_prompt_source[artifact]" time="0.771" /><testcase classname="tests.test_phase1b_persistence" name="test_sql_trigger_rejects_wrong_hash_for_every_prompt_source[memory]" time="0.770" /><testcase classname="tests.test_phase1b_persistence" name="test_sql_trigger_rejects_wrong_hash_for_every_prompt_source[tool_schema]" time="0.762" /><testcase classname="tests.test_phase1b_persistence" name="test_sql_trigger_rejects_wrong_hash_for_every_prompt_source[compaction]" time="0.760" /><testcase classname="tests.test_phase1b_persistence" name="test_store_rejects_invalid_thread_item_compaction_evidence[empty]" time="0.765" /><testcase classname="tests.test_phase1b_persistence" name="test_store_rejects_invalid_thread_item_compaction_evidence[wrong_item_hash]" time="0.782" /><testcase classname="tests.test_phase1b_persistence" name="test_store_rejects_invalid_thread_item_compaction_evidence[duplicate]" time="0.757" /><testcase classname="tests.test_phase1b_persistence" name="test_store_rejects_invalid_thread_item_compaction_evidence[unsorted]" time="0.752" /><testcase classname="tests.test_phase1b_persistence" name="test_store_rejects_invalid_thread_item_compaction_evidence[range]" time="0.754" /><testcase classname="tests.test_phase1b_persistence" name="test_store_rejects_invalid_thread_item_compaction_evidence[digest]" time="0.759" /><testcase classname="tests.test_phase1b_persistence" name="test_sql_trigger_rejects_invalid_thread_item_compaction_evidence[not_array]" time="0.747" /><testcase classname="tests.test_phase1b_persistence" name="test_sql_trigger_rejects_invalid_thread_item_compaction_evidence[empty]" time="0.751" /><testcase classname="tests.test_phase1b_persistence" name="test_sql_trigger_rejects_invalid_thread_item_compaction_evidence[extra_field]" time="0.751" /><testcase classname="tests.test_phase1b_persistence" name="test_sql_trigger_rejects_invalid_thread_item_compaction_evidence[wrong_item_hash]" time="0.755" /><testcase classname="tests.test_phase1b_persistence" name="test_sql_trigger_rejects_invalid_thread_item_compaction_evidence[duplicate]" time="0.746" /><testcase classname="tests.test_phase1b_persistence" name="test_sql_trigger_rejects_invalid_thread_item_compaction_evidence[unsorted]" time="0.749" /><testcase classname="tests.test_phase1b_persistence" name="test_sql_trigger_rejects_invalid_thread_item_compaction_evidence[range]" time="0.751" /><testcase classname="tests.test_phase1b_persistence" name="test_sql_trigger_rejects_invalid_thread_item_compaction_evidence[digest]" time="0.752" /><testcase classname="tests.test_phase1b_persistence" name="test_thread_item_compaction_roundtrip_and_readback_revalidate_digest" time="0.779" /><testcase classname="tests.test_phase1b_persistence" name="test_context_revision_readback_revalidates_typed_prompt_block_sources" time="0.743" /><testcase classname="tests.test_phase1b_persistence" name="test_context_revision_readback_rejects_missing_blocks_and_source_snapshot_tampering" time="0.745" /><testcase classname="tests.test_phase1b_persistence" name="test_context_revision_store_requires_bidirectional_compaction_evidence" time="0.760" /><testcase classname="tests.test_phase1b_persistence" name="test_context_revision_readback_rejects_duplicate_compaction_blocks" time="0.758" /><testcase classname="tests.test_phase1b_persistence" name="test_memory_source_freezes_historical_version_but_rejects_stale_writes" time="0.756" /><testcase classname="tests.test_phase1b_persistence" name="test_memory_reference_binding_store_validation_is_scope_and_snapshot_bound" time="0.821" /><testcase classname="tests.test_phase1b_persistence" name="test_memory_reference_binding_sql_trigger_and_historical_readback_are_consistent" time="0.785" /><testcase classname="tests.test_phase1b_persistence" name="test_memory_reference_binding_readback_rejects_binding_snapshot_tampering" time="0.769" /><testcase classname="tests.test_phase1b_persistence" name="test_thread_source_freezes_historical_status_but_rejects_stale_writes" time="0.754" /><testcase classname="tests.test_phase1b_persistence" name="test_forged_reference_rolls_back_compaction_and_revision_atomically" time="0.741" /><testcase classname="tests.test_phase1b_persistence" name="test_compaction_rejects_nonexistent_or_future_context_revision_cursors" time="0.754" /><testcase classname="tests.test_phase1b_persistence" name="test_nonempty_phase1b_tables_refuse_rollback" time="1.344" /><testcase classname="tests.test_phase1c_artifact_retention" name="test_artifact_capabilities_redacted_read_download_and_scoped_export" time="1.211" /><testcase classname="tests.test_phase1c_artifact_retention" name="test_retention_pin_grace_delete_crash_and_explicit_reconciliation" time="1.226" /><testcase classname="tests.test_phase1c_artifact_retention" name="test_artifact_audit_is_read_only_and_orphan_repair_is_explicit" time="1.186" /><testcase classname="tests.test_phase1c_artifact_retention" name="test_cache_observation_keeps_missing_usage_unknown_and_pages_by_cursor" time="0.854" /><testcase classname="tests.test_phase1c_artifact_retention" name="test_v7_migration_failure_is_atomic_and_nonempty_rollback_is_refused" time="2.100" /><testcase classname="tests.test_phase1c_artifact_retention" name="test_completed_receipts_do_not_masquerade_as_unknown_artifact_writes" time="0.914" /><testcase classname="tests.test_phase1c_artifact_retention" name="test_retention_compare_and_swap_rejects_one_concurrent_writer" time="0.919" /><testcase classname="tests.test_phase1d_application_api" name="test_slash_registry_lists_and_resolves_aliases_without_execution" time="0.000" /><testcase classname="tests.test_phase1d_application_api" name="test_registry_query_and_workspace_registration_are_idempotent_and_path_safe" time="1.139" /><testcase classname="tests.test_phase1d_application_api" name="test_bad_review_start_is_persisted_failed_and_replayed_without_execution" time="0.885" /><testcase classname="tests.test_phase1d_application_api" name="test_bad_btw_start_is_persisted_failed_and_replayed_without_execution" time="0.868" /><testcase classname="tests.test_phase1d_application_api" name="test_clear_and_compact_commands_change_future_context_without_rewriting_history" time="0.868" /><testcase classname="tests.test_phase1d_application_api" name="test_btw_sidecar_uses_no_tools_or_main_lease_and_keeps_thread_unchanged" time="0.809" /><testcase classname="tests.test_phase1d_application_api" name="test_btw_sidecar_unknown_pricing_fails_before_provider_or_context_revision" time="0.777" /><testcase classname="tests.test_phase1d_application_api" name="test_btw_sidecar_unknown_usage_and_tool_call_fail_closed" time="1.601" /><testcase classname="tests.test_phase1d_application_api" name="test_btw_sidecar_explicit_cancel_isolated_from_main_session" time="0.861" /><testcase classname="tests.test_phase1d_application_api" name="test_btw_sidecar_close_after_started_fails_run_and_agent" time="0.787" /><testcase classname="tests.test_phase1d_application_api" name="test_review_close_and_cancel_after_started_persist_one_failure" time="1.579" /><testcase classname="tests.test_phase1d_application_api" name="test_review_command_is_read_only_creates_sensitive_artifact_and_replays_sse" time="1.084" /><testcase classname="tests.test_phase1d_application_api" name="test_review_rejects_any_writable_role_policy" time="0.728" /><testcase classname="tests.test_phase1d_persistence" name="test_v1_through_v7_upgrade_to_v8_and_repeat_initialize[1]" time="1.612" /><testcase classname="tests.test_phase1d_persistence" name="test_v1_through_v7_upgrade_to_v8_and_repeat_initialize[2]" time="1.622" /><testcase classname="tests.test_phase1d_persistence" name="test_v1_through_v7_upgrade_to_v8_and_repeat_initialize[3]" time="1.661" /><testcase classname="tests.test_phase1d_persistence" name="test_v1_through_v7_upgrade_to_v8_and_repeat_initialize[4]" time="1.641" /><testcase classname="tests.test_phase1d_persistence" name="test_v1_through_v7_upgrade_to_v8_and_repeat_initialize[5]" time="1.623" /><testcase classname="tests.test_phase1d_persistence" name="test_v1_through_v7_upgrade_to_v8_and_repeat_initialize[6]" time="1.659" /><testcase classname="tests.test_phase1d_persistence" name="test_v1_through_v7_upgrade_to_v8_and_repeat_initialize[7]" time="1.659" /><testcase classname="tests.test_phase1d_persistence" name="test_v8_failure_is_atomic_and_rollback_requires_empty_phase1d_tables" time="4.143" /><testcase classname="tests.test_phase1d_persistence" name="test_exact_phase1d_previews_upgrade_both_context_provenance_guards[preview_history0-True]" time="2.089" /><testcase classname="tests.test_phase1d_persistence" name="test_exact_phase1d_previews_upgrade_both_context_provenance_guards[preview_history1-False]" time="2.178" /><testcase classname="tests.test_phase1d_persistence" name="test_exact_phase1d_previews_upgrade_both_context_provenance_guards[preview_history2-False]" time="2.073" /><testcase classname="tests.test_phase1d_persistence" name="test_workspace_registration_is_immutable_and_cursor_paged" time="0.727" /><testcase classname="tests.test_phase1d_persistence" name="test_clear_and_compact_baselines_are_append_only_and_atomic" time="0.762" /><testcase classname="tests.test_phase1d_persistence" name="test_concurrent_clear_baselines_form_one_serial_predecessor_chain" time="0.842" /><testcase classname="tests.test_phase1d_persistence" name="test_review_and_sidecar_running_rows_fail_closed_after_restart" time="1.099" /><testcase classname="tests.test_phase1d_persistence" name="test_review_and_sidecar_scope_is_rejected_by_store_and_sqlite" time="0.785" /><testcase classname="tests.test_phase1d_persistence" name="test_completed_sidecar_promotes_exactly_one_steering_item" time="0.774" /><testcase classname="tests.test_phase1d_persistence" name="test_sidecar_events_and_command_audit_are_cursor_replayable" time="0.747" /><testcase classname="tests.test_phase1e_backend_projection" name="test_protocol_metadata_reads_only_an_injected_generated_digest" time="0.002" /><testcase classname="tests.test_phase1e_backend_projection" name="test_protocol_endpoint_fails_closed_without_digest_and_accepts_generated_digest" time="1.647" /><testcase classname="tests.test_phase1e_backend_projection" name="test_session_thread_binding_conflict_is_atomic" time="0.757" /><testcase classname="tests.test_phase1e_backend_projection" name="test_create_session_thread_errors_are_stable_typed_http_responses" time="1.246" /><testcase classname="tests.test_phase1e_backend_projection" name="test_projects_only_join_exact_workspace_facts" time="0.732" /><testcase classname="tests.test_phase1e_backend_projection" name="test_projects_endpoint_serializes_domain_projection" time="1.113" /><testcase classname="tests.test_phase1e_backend_projection" name="test_projects_endpoint_bounds_redacted_workflow_summary_to_model_limit" time="0.857" /><testcase classname="tests.test_phase1e_backend_projection" name="test_projects_endpoint_does_not_misreport_persisted_projection_error_as_cursor" time="0.839" /><testcase classname="tests.test_phase1e_backend_projection" name="test_workspace_file_projection_is_metadata_only_safe_and_paged" time="0.875" /><testcase classname="tests.test_phase1e_backend_projection" name="test_workspace_file_projection_fails_closed_when_registered_root_is_replaced" time="0.834" /><testcase classname="tests.test_phase1e_backend_projection" name="test_workspace_file_projection_rejects_replaced_registered_parent_symlink" time="0.838" /><testcase classname="tests.test_phase1e_backend_projection" name="test_workspace_file_projection_catches_root_replacement_during_scan" time="0.729" /><testcase classname="tests.test_phase1e_backend_projection" name="test_workspace_file_projection_rejects_manifest_overflow" time="0.903" /><testcase classname="tests.test_phase1e_backend_projection" name="test_projects_fail_closed_instead_of_silently_omitting_too_many_threads" time="0.836" /><testcase classname="tests.test_phase1e_backend_projection" name="test_projects_fail_closed_instead_of_silently_omitting_too_many_workflow_runs" time="0.858" /><testcase classname="tests.test_phase1e_backend_projection" name="test_workspace_file_projection_rejects_malformed_or_conflicting_page_state" time="1.166" /><testcase classname="tests.test_phase1e_loopback_integration" name="test_phase1e_core_loopback_urllib_closed_loop" time="1.626" /><testcase classname="tests.test_phase1e_protocol_sdk" name="test_schema_has_only_the_frozen_narrow_operation_surface" time="0.001" /><testcase classname="tests.test_phase1e_protocol_sdk" name="test_schema_digest_and_generated_outputs_are_reproducible" time="0.067" /><testcase classname="tests.test_phase1e_protocol_sdk" name="test_python_client_negotiates_before_queries_and_encodes_cursor_scope" time="0.000" /><testcase classname="tests.test_phase1e_protocol_sdk" name="test_mutations_send_reusable_idempotency_key_and_read_receipt_headers" time="0.000" /><testcase classname="tests.test_phase1e_protocol_sdk" name="test_stream_reconnect_sends_last_event_id_and_scoped_lossless_cursor" time="0.000" /><testcase classname="tests.test_phase1e_protocol_sdk" name="test_protocol_mismatch_and_error_envelope_fail_closed" time="0.000" /><testcase classname="tests.test_phase1e_protocol_sdk" name="test_sse_parser_handles_multiline_json_and_ignores_comments" time="0.000" /><testcase classname="tests.test_phase1e_protocol_sdk" name="test_client_rendering_is_driven_by_path_operation_metadata" time="0.003" /><testcase classname="tests.test_phase1e_protocol_sdk" name="test_int64_and_required_types_are_explicit_and_strict" time="0.000" /><testcase classname="tests.test_phase1e_protocol_sdk" name="test_all_generated_typed_dict_required_sets_match_schema" time="0.001" /><testcase classname="tests.test_phase1e_protocol_sdk" name="test_generated_python_sdk_uses_python310_typed_dict_compatibility_import" time="0.355" /><testcase classname="tests.test_phase1e_protocol_sdk" name="test_sse_line_endings_and_cursor_tracker_are_bounded" time="0.000" /><testcase classname="tests.test_phase1e_protocol_sdk" name="test_sse_parser_limits_line_frame_and_data_across_chunks" time="0.104" /><testcase classname="tests.test_phase1e_protocol_sdk" name="test_create_session_xor_is_checked_before_transport" time="0.001" /><testcase classname="tests.test_phase1e_protocol_sdk" name="test_create_session_xor_is_schema_metadata_driven_and_fails_closed" time="0.003" /><testcase classname="tests.test_phase1e_protocol_sdk" name="test_negotiation_requires_exact_metadata_shape_and_raw_transport_json" time="0.000" /><testcase classname="tests.test_phase1e_protocol_sdk" name="test_python_transport_decodes_split_utf8_and_stream_content_types_strictly" time="0.000" /><testcase classname="tests.test_phase23_api" name="test_phase23_graph_protocol_compile_publish_run_and_receipt_replay" time="0.923" /><testcase classname="tests.test_phase23_api" name="test_phase23_rejects_conflicting_graph_team_bindings_without_partial_writes" time="0.958" /><testcase classname="tests.test_phase23_api" name="test_phase23_resolves_graph_run_linked_to_frozen_coding_workflow" time="0.851" /><testcase classname="tests.test_phase23_api" name="test_phase23_local_team_mailbox_and_ack" time="1.110" /><testcase classname="tests.test_phase23_migration" name="test_v8_upgrades_to_v9_and_empty_v9_rolls_back_in_isolation" time="1.588" /><testcase classname="tests.test_phase23_migration" name="test_v9_refuses_data_loss_rollback" time="1.578" /><testcase classname="tests.test_phase23_migration" name="test_v9_schema_drift_is_detected_before_runtime_use" time="0.980" /><testcase classname="tests.test_phase23_protocol_sdk" name="test_schema_surface_and_generation_are_reproducible" time="0.013" /><testcase classname="tests.test_phase23_protocol_sdk" name="test_client_fails_closed_on_schema_digest_mismatch" time="0.000" /><testcase classname="tests.test_phase23_protocol_sdk" name="test_client_preserves_cursor_scope_and_unknown_side_effect_boundary" time="0.000" /><testcase classname="tests.test_phase23_protocol_sdk" name="test_client_encodes_team_and_viewer_scope" time="0.000" /><testcase classname="tests.test_phase23_sqlite_runtime" name="test_sqlite_graph_runtime_persists_and_recovers_unknown_side_effect" time="0.795" /><testcase classname="tests.test_phase23_sqlite_runtime" name="test_sqlite_team_message_mailbox_and_ack_are_atomic_and_idempotent" time="0.796" /><testcase classname="tests.test_phase23_sqlite_runtime" name="test_sqlite_team_creation_atomically_binds_graph_and_rolls_back_after_cas_failure" time="0.738" /><testcase classname="tests.test_phase23_sqlite_runtime" name="test_sqlite_team_binding_concurrent_cas_has_one_winner" time="0.729" /><testcase classname="tests.test_phase2_graph_runtime" name="test_ir_round_trips_and_run_pins_definition_and_snapshots" time="0.000" /><testcase classname="tests.test_phase2_graph_runtime" name="test_compiler_rejects_multiple_writers_unsafe_retry_and_implicit_cycle" time="0.000" /><testcase classname="tests.test_phase2_graph_runtime" name="test_compiler_requires_bounded_loop_and_durable_input_timeout" time="0.000" /><testcase classname="tests.test_phase2_graph_runtime" name="test_compiler_requires_timeout_edge_and_consistent_join_mode" time="0.000" /><testcase classname="tests.test_phase2_graph_runtime" name="test_compiler_rejects_callable_condition_syntax" time="0.000" /><testcase classname="tests.test_phase2_graph_runtime" name="test_compiler_represents_but_rejects_timer_until_scheduler_exists" time="0.000" /><testcase classname="tests.test_phase2_graph_runtime" name="test_sequential_run_attempts_unlock_dependencies_and_complete" time="0.001" /><testcase classname="tests.test_phase2_graph_runtime" name="test_unknown_writer_outcome_is_never_replayed_automatically" time="0.000" /><testcase classname="tests.test_phase2_graph_runtime" name="test_not_started_idempotent_attempt_can_resume_at_node_boundary" time="0.000" /><testcase classname="tests.test_phase2_graph_runtime" name="test_started_idempotent_attempt_retries_with_same_key" time="0.001" /><testcase classname="tests.test_phase2_graph_runtime" name="test_known_retry_of_idempotent_node_keeps_the_logical_action_key" time="0.000" /><testcase classname="tests.test_phase2_graph_runtime" name="test_reported_unknown_idempotent_effect_is_safe_to_retry_with_same_key" time="0.000" /><testcase classname="tests.test_phase2_graph_runtime" name="test_cancel_keeps_unknown_non_idempotent_effect_in_manual_reconcile" time="0.000" /><testcase classname="tests.test_phase2_graph_runtime" name="test_node_execution_requires_started_graph_run" time="0.000" /><testcase classname="tests.test_phase2_graph_runtime" name="test_recover_promotes_persisted_success_and_recomputes_downstream" time="0.000" /><testcase classname="tests.test_phase2_graph_runtime" name="test_unselected_condition_branch_is_skipped_to_fixed_point" time="0.000" /><testcase classname="tests.test_phase2_graph_runtime" name="test_all_and_any_joins_use_active_edges_and_populate_inputs" time="0.001" /><testcase classname="tests.test_phase2_graph_runtime" name="test_approval_boundary_is_persisted_and_resolution_is_idempotent" time="0.000" /><testcase classname="tests.test_phase2_graph_runtime" name="test_waiting_parallel_branch_does_not_freeze_runnable_or_running_sibling" time="0.000" /><testcase classname="tests.test_phase2_graph_runtime" name="test_budget_failure_cancels_waiting_nodes_and_late_input_cannot_revive_run" time="0.001" /><testcase classname="tests.test_phase2_graph_runtime" name="test_budget_failure_preserves_unknown_non_idempotent_attempt_boundary" time="0.000" /><testcase classname="tests.test_phase2_graph_runtime" name="test_boundary_timeout_follows_compiled_persistent_branch" time="0.000" /><testcase classname="tests.test_phase2_graph_runtime" name="test_loop_stops_on_no_progress_and_budget_dimensions" time="0.001" /><testcase classname="tests.test_phase2_graph_runtime" name="test_loop_requires_declared_output_only_when_it_will_succeed" time="0.000" /><testcase classname="tests.test_phase2_graph_runtime" name="test_loop_usage_rejects_invalid_values_without_state_writes[elapsed_seconds-True]" time="0.000" /><testcase classname="tests.test_phase2_graph_runtime" name="test_loop_usage_rejects_invalid_values_without_state_writes[elapsed_seconds--1]" time="0.000" /><testcase classname="tests.test_phase2_graph_runtime" name="test_loop_usage_rejects_invalid_values_without_state_writes[elapsed_seconds-nan]" time="0.001" /><testcase classname="tests.test_phase2_graph_runtime" name="test_loop_usage_rejects_invalid_values_without_state_writes[elapsed_seconds-inf]" time="0.000" /><testcase classname="tests.test_phase2_graph_runtime" name="test_loop_usage_rejects_invalid_values_without_state_writes[elapsed_seconds-1]" time="0.000" /><testcase classname="tests.test_phase2_graph_runtime" name="test_loop_usage_rejects_invalid_values_without_state_writes[cost_usd-True]" time="0.001" /><testcase classname="tests.test_phase2_graph_runtime" name="test_loop_usage_rejects_invalid_values_without_state_writes[cost_usd--1]" time="0.000" /><testcase classname="tests.test_phase2_graph_runtime" name="test_loop_usage_rejects_invalid_values_without_state_writes[cost_usd-nan]" time="0.000" /><testcase classname="tests.test_phase2_graph_runtime" name="test_loop_usage_rejects_invalid_values_without_state_writes[cost_usd-inf]" time="0.000" /><testcase classname="tests.test_phase2_graph_runtime" name="test_loop_usage_rejects_invalid_values_without_state_writes[cost_usd-1]" time="0.000" /><testcase classname="tests.test_phase2_graph_runtime" name="test_loop_usage_rejects_invalid_values_without_state_writes[output_tokens-True]" time="0.000" /><testcase classname="tests.test_phase2_graph_runtime" name="test_loop_usage_rejects_invalid_values_without_state_writes[output_tokens--1]" time="0.000" /><testcase classname="tests.test_phase2_graph_runtime" name="test_loop_usage_rejects_invalid_values_without_state_writes[output_tokens-1.5]" time="0.001" /><testcase classname="tests.test_phase2_graph_runtime" name="test_loop_usage_rejects_invalid_values_without_state_writes[output_tokens-nan]" time="0.000" /><testcase classname="tests.test_phase2_graph_runtime" name="test_loop_usage_rejects_invalid_values_without_state_writes[output_tokens-1]" time="0.000" /><testcase classname="tests.test_phase2_graph_runtime" name="test_loop_usage_rejects_invalid_values_without_state_writes[subagents-True]" time="0.001" /><testcase classname="tests.test_phase2_graph_runtime" name="test_loop_usage_rejects_invalid_values_without_state_writes[subagents--1]" time="0.000" /><testcase classname="tests.test_phase2_graph_runtime" name="test_loop_usage_rejects_invalid_values_without_state_writes[subagents-1.5]" time="0.000" /><testcase classname="tests.test_phase2_graph_runtime" name="test_loop_usage_rejects_invalid_values_without_state_writes[subagents-inf]" time="0.000" /><testcase classname="tests.test_phase2_graph_runtime" name="test_loop_usage_rejects_invalid_values_without_state_writes[subagents-1]" time="0.000" /><testcase classname="tests.test_phase2_graph_runtime" name="test_loop_usage_rejects_invalid_values_without_state_writes[recursion_depth-True]" time="0.000" /><testcase classname="tests.test_phase2_graph_runtime" name="test_loop_usage_rejects_invalid_values_without_state_writes[recursion_depth--1]" time="0.000" /><testcase classname="tests.test_phase2_graph_runtime" name="test_loop_usage_rejects_invalid_values_without_state_writes[recursion_depth-1.5]" time="0.001" /><testcase classname="tests.test_phase2_graph_runtime" name="test_loop_usage_rejects_invalid_values_without_state_writes[recursion_depth-nan]" time="0.000" /><testcase classname="tests.test_phase2_graph_runtime" name="test_loop_usage_rejects_invalid_values_without_state_writes[recursion_depth-1]" time="0.000" /><testcase classname="tests.test_phase2_graph_runtime" name="test_parallel_node_limit_is_enforced_at_attempt_start" time="0.001" /><testcase classname="tests.test_phase2_graph_runtime" name="test_recover_rebuilds_downstream_after_success_commit_crash" time="0.001" /><testcase classname="tests.test_phase2_graph_runtime" name="test_coding_workflow_mapping_preserves_phase1e_constraints" time="0.000" /><testcase classname="tests.test_phase2_graph_runtime" name="test_entry_required_inputs_are_present_and_match_port_types" time="0.001" /><testcase classname="tests.test_phase2_graph_runtime" name="test_successful_attempt_requires_typed_outputs_before_commit" time="0.000" /><testcase classname="tests.test_phase2_graph_runtime" name="test_missing_optional_source_port_does_not_deliver_none_downstream" time="0.000" /><testcase classname="tests.test_phase2_graph_runtime" name="test_condition_dsl_booleans_do_not_rewrite_string_literals" time="0.000" /><testcase classname="tests.test_phase2_graph_runtime" name="test_record_budget_rejects_invalid_usage[output_tokens-True]" time="0.001" /><testcase classname="tests.test_phase2_graph_runtime" name="test_record_budget_rejects_invalid_usage[output_tokens-1.5]" time="0.000" /><testcase classname="tests.test_phase2_graph_runtime" name="test_record_budget_rejects_invalid_usage[output_tokens--1]" time="0.000" /><testcase classname="tests.test_phase2_graph_runtime" name="test_record_budget_rejects_invalid_usage[tool_calls-True]" time="0.001" /><testcase classname="tests.test_phase2_graph_runtime" name="test_record_budget_rejects_invalid_usage[tool_calls-1.5]" time="0.000" /><testcase classname="tests.test_phase2_graph_runtime" name="test_record_budget_rejects_invalid_usage[tool_calls--1]" time="0.000" /><testcase classname="tests.test_phase2_graph_runtime" name="test_record_budget_rejects_invalid_usage[cost_usd-True]" time="0.001" /><testcase classname="tests.test_phase2_graph_runtime" name="test_record_budget_rejects_invalid_usage[cost_usd--1]" time="0.000" /><testcase classname="tests.test_phase2_graph_runtime" name="test_record_budget_rejects_invalid_usage[cost_usd-nan]" time="0.000" /><testcase classname="tests.test_phase2_graph_runtime" name="test_record_budget_rejects_invalid_usage[cost_usd-inf]" time="0.000" /><testcase classname="tests.test_phase2_graph_runtime" name="test_record_budget_rejects_invalid_persisted_usage_from_model_copy" time="0.000" /><testcase classname="tests.test_phase2_graph_runtime" name="test_compiler_rejects_unknown_port_value_type" time="0.000" /><testcase classname="tests.test_phase2_graph_runtime" name="test_any_ports_reject_values_that_cannot_be_persisted_as_finite_json" time="0.000" /><testcase classname="tests.test_phase2_graph_runtime" name="test_any_to_typed_input_mismatch_fails_before_attempt_creation" time="0.001" /><testcase classname="tests.test_phase2_graph_runtime" name="test_multi_edge_aggregation_type_mismatch_fails_before_join_attempt" time="0.000" /><testcase classname="tests.test_phase2_graph_runtime" name="test_non_attempt_execution_entries_validate_actual_inputs_before_state_changes" time="0.000" /><testcase classname="tests.test_phase3_team_domain" name="test_team_definition_requires_unique_members_and_real_coordinator" time="0.000" /><testcase classname="tests.test_phase3_team_domain" name="test_team_definition_allows_capacity_above_initial_roster" time="0.000" /><testcase classname="tests.test_phase3_team_domain" name="test_message_enforces_explicit_unique_recipients" time="0.000" /><testcase classname="tests.test_phase3_team_domain" name="test_message_requires_artifact_for_large_content" time="0.000" /><testcase classname="tests.test_phase3_team_domain" name="test_non_model_message_cannot_affect_context" time="0.000" /><testcase classname="tests.test_phase3_team_domain" name="test_roster_terminal_state_has_explicit_lifecycle_timestamps" time="0.000" /><testcase classname="tests.test_phase3_team_projection" name="test_directed_projection_creates_only_recipient_deliveries" time="0.000" /><testcase classname="tests.test_phase3_team_projection" name="test_duplicate_delivery_is_idempotent_and_does_not_duplicate_inbox" time="0.001" /><testcase classname="tests.test_phase3_team_projection" name="test_non_recipient_message_never_enters_context_or_consumes_tokens" time="0.000" /><testcase classname="tests.test_phase3_team_projection" name="test_ui_only_message_does_not_enter_model_context" time="0.000" /><testcase classname="tests.test_phase3_team_projection" name="test_context_projection_keeps_monotonic_inbox_cursor_for_ui_only_message" time="0.000" /><testcase classname="tests.test_phase3_team_projection" name="test_ack_retry_returns_original_ack_fact" time="0.000" /><testcase classname="tests.test_phase3_team_projection" name="test_board_update_retries_are_idempotent" time="0.000" /><testcase classname="tests.test_phase45_api_runtime" name="test_skill_discovery_persists_only_untrusted_safe_projection" time="0.980" /><testcase classname="tests.test_phase45_api_runtime" name="test_stdio_mcp_unconfigured_workspace_does_not_spawn" time="1.163" /><testcase classname="tests.test_phase45_api_runtime" name="test_stdio_mcp_tool_call_uses_no_network_docker_capabilities" time="0.828" /><testcase classname="tests.test_phase45_api_runtime" name="test_cancelled_mcp_start_releases_starting_lifecycle" time="0.854" /><testcase classname="tests.test_phase45_api_runtime" name="test_stdio_mcp_lifecycle_snapshot_call_and_gateway_audit" time="0.993" /><testcase classname="tests.test_phase45_api_runtime" name="test_legacy_sse_start_ask_does_not_resolve_endpoint_or_touch_server" time="0
[...]
0\x00\x00\x00\x00\x00\x00\x00\x00\x00\x00\x00\x00\x00\x00\x00\x00\x00\x00\x00\x00\x00\x00\x00\x00\x00\x00\x00\x00\x00\x00\x00\x00\x00\x00\x00\x00\x00\x00\x00\x00\x00\x00\x00\x00\x00\x00\x00\x00\x00\x00\x00\x00\x00\x00\x00\x00\x00\x00\x00\x00\x00\x00\x00\x00\x00\x00\x00\x00\x00\x00\x00\x00\x00\x00\x00\x00\x00\x00\x00\x00\x00\x00\x00\x00\x00\x00\x00\x00\x00\x00\x00\x00\x00\x00\x00\x00\x00\x00\x00\x00\x00\x00\x00\x00\x00\x00\x00\x00\x00\x00\x00\x00\x00\x00\x00\x00\x00\x00\x00\x00\x00\x00\x00\x00\x00\x00\x00\x00\x00\x00\x00\x00\x00\x00\x00\x00\x00\x00\x00\x00\x00\x00\x00\x00\x00\x00\x00\x00\x00\x00\x00\x00\x00\x00\x00\x00\x00\x00\x00\x00\x00\x00\x00\x00\x00\x00\x00\x00\x00\x00\x00\x00\x00\x00\x00\x00\x00\x00\x00\x00\x00\x00\x00\x00\x00\x00\x00\x00\x00\x00\x00\x00\x00\x00\x00\x00\x00\x00\x00\x00\x00\x00\x00\x00\x00\x00\x00\x00\x00\x00\x00\x00\x00\x00\x00\x00\x00\x00\x00\x00\x00\x00\x00\x00\x00\x00\x00\x00\x00\x00\x00\x00\x00\x00\x00\x00\x00\x00\x00\x00\x00\x00\x00\x00\x00\x00\x00\x00\x00\x00\x00\x00\x00\x00\x00\x00\x00\x00\x00\x00\x00\x00\x00\x00\x00\x00\x00\x00\x00\x00\x00\x00\x00\x00\x00\x00\x00\x00\x00\x00\x00\x00\x00\x00\x00\x00\x00\x00\x00\x00\x00\x00\x00\x00\x00\x00\x00\x00\x00\x00\x00\x00\x00\x00\x00\x00\x00\x00\x00\x00\x00\x00\x00\x00\x00\x00\x00\x00\x00\x00\x00\x00\x00\x00\x00\x00\x00\x00\x00\x00\x00\x00\x00\x00\x00\x00\x00\x00\x00\x00\x00\x00\x00\x00\x00\x00\x00\x00\x00\x00\x00\x00\x00\x00\x00\x00\x00\x00\x00\x00\x00\x00\x00\x00\x00\x00\x00\x00\x00\x00\x00\x00\x00\x00\x00\x00\x00\x00\x00\x00\x00\x00\x00\x00\x00\x00\x00\x00\x00\x00\x00\x00\x00\x00\x00\x00\x00\x00\x00\x00\x00\x00\x00\x00\x00\x00\x00\x00\x00\x00\x00\x00\x00\x00\x00\x00\x00\x00\x00\x00\x00\x00\x00\x00\x00\x00\x00\x00\x00\x00\x00\x00\x00\x00\x00\x00\x00\x00\x00\x00\x00\x00\x00\x00\x00\x00\x00\x00\x00\x00\x00\x00\x00\x00\x00\x00\x00\x00\x00\x00\x00\x00\x00\x00\x00\x00\x00\x00\x00\x00\x00\x00\x00\x00\x00\x00\x00\x00\x00\x00\x00\x00\x00\x00\x00\x00\x00\x00\x00\x00\x00\x00\x00\x00\x00\x00\x00\x00\x00\x00\x00\x00\x00\x00\x00\x00\x00\x00\x00\x00\x00\x00\x00\x00\x00\x00\x00\x00\x00\x00\x00\x00\x00\x00\x00\x00\x00\x00\x00\x00\x00\x00\x00\x00\x00\x00\x00\x00\x00\x00\x00\x00\x00\x00\x00\x00\x00\x00\x00\x00\x00\x00\x00\x00\x00\x00\x00\x00\x00\x00\x00\x00\x00\x00\x00\x00\x00\x00\x00\x00\x00\x00\x00\x00\x00\x00\x00\x00\x00\x00\x00\x00\x00\x00\x00\x00\x00\x00\x00\x00\x00\x00\x00\x00\x00\x00\x00\x00\x00\x00\x00\x00\x00\x00\x00\x00\x00\x00\x00\x00\x00\x00\x00\x00\x00\x00\x00\x00\x00\x00\x00\x00\x00\x00\x00\x00\x00\x00\x00\x00\x00\x00\x00\x00\x00\x00\x00\x00\x00\x00\x00\x00\x00\x00\x00\x00\x00\x00\x00\x00\x00\x00\x00\x00\x00\x00\x00\x00\x00\x00\x00\x00\x00\x00\x00\x00\x00\x00\x00\x00\x00\x00\x00\x00\x00\x00\x00\x00\x00\x00\x00\x00\x00\x00\x00\x00\x00\x00\x00\x00\x00\x00\x00\x00\x00\x00\x00\x00\x00\x00\x00\x00\x00\x00\x00\x00\x00\x00\x00\x00\x00\x00\x00\x00\x00\x00\x00\x00\x00\x00\x00\x00\x00\x00\x00\x00\x00\x00\x00\x00\x00\x00\x00\x00\x00\x00\x00\x00\x00\x00\x00\x00\x00\x00\x00\x00\x00\x00\x00\x00\x00\x00\x00\x00\x00\x00\x00\x00\x00\x00\x00\x00\x00\x00\x00\x00\x00\x00\x00\x00\x00\x00\x00\x00\x00\x00\x00\x00\x00\x00\x00\x00\x00\x00\x00\x00\x00\x00\x00\x00\x00\x00\x00\x00\x00\x00\x00\x00\x00\x00\x00\x00\x00\x00\x00\x00\x00\x00\x00\x00\x00\x00\x00\x00\x00\x00\x00\x00\x00\x00\x00\x00\x00\x00\x00\x00\x00\x00\x00\x00\x00\x00\x00\x00\x00\x00\x00\x00\x00\x00\x00\x00\x00\x00\x00\x00\x00\x00\x00\x00\x00\x00\x00\x00\x00\x00\x00\x00\x00\x00\x00\x00\x00\x00\x00\x00\x00\x00\x00\x00\x00\x00\x00\x00\x00\x00\x00\x00\x00\x00\x00\x00\x00\x00\x00\x00\x00\x00\x00\x00\x00\x00\x00\x00\x00\x00\x00\x00\x00\x00\x00\x00\x00\x00\x00\x00\x00\x00\x00\x00\x00\x00\x00\x00\x00\x00\x00\x00\x00\x00\x00\x00\x00\x00\x00\x00\x00\x00\x00\x00\x00\x00\x00\x00\x00\x00\x00\x00\x00\x00\x00\x00\x00\x00\x00\x00\x00\x00\x00\x00\x00\x00\x00\x00\x00\x00\x00\x00\x00\x00\x00\x00\x00\x00\x00\x00\x00\x00\x00\x00\x00\x00\x00\x00\x00\x00\x00\x00\x00\x00\x00\x00\x00\x00\x00\x00\x00\x00\x00\x00\x00\x00\x00\x00\x00\x00\x00\x00\x00\x00\x00\x00\x00\x00\x00\x00\x00\x00\x00\x00\x00\x00\x00\x00\x00\x00\x00\x00\x00\x00\x00\x00\x00\x00\x00\x00\x00\x00\x00\x00\x00\x00\x00\x00\x00\x00\x00\x00\x00\x00\x00\x00\x00\x00\x00\x00\x00\x00\x00\x00\x00\x00\x00\x00\x00\x00\x00\x00\x00\x00\x00\x00\x00\x00\x00\x00\x00\x00\x00\x00\x00\x00\x00\x00\x00\x00\x00\x00\x00\x00\x00\x00\x00\x00\x00\x00\x00\x00\x00\x00\x00\x00\x00\x00\x00\x00\x00\x00\x00\x00\x00\x00\x00\x00\x00\x00\x00\x00\x00\x00\x00\x00\x00\x00\x00\x00\x00\x00\x00\x00\x00\x00\x00\x00\x00\x00\x00\x00\x00\x00\x00\x00\x00\x00\x00\x00\x00\x00\x00\x00\x00\x00\x00\x00\x00\x00\x00\x00\x00\x00\x00\x00\x00\x00\x00\x00\x00\x00\x00\x00\x00\x00\x00\x00\x00\x00\x00\x00\x00\x00\x00\x00\x00\x00\x00\x00\x00\x00\x00\x00\x00\x00\x00\x00\x00\x00\x00\x00\x00\x00\x00\x00\x00\x00\x00\x00\x00\x00\x00\x00\x00\x00\x00\x00\x00\x00\x00\x00\x00\x00\x00\x00\x00\x00\x00\x00\x00\x00\x00\x00\x00\x00\x00\x00\x00\x00\x00\x00\x00\x00\x00\x00\x00\x00\x00\x00\x00\x00\x00\x00\x00\x00\x00\x00\x00\x00\x00\x00\x00\x00\x00\x00\x00\x00\x00\x00\x00\x00\x00\x00\x00\x00\x00\x00\x00\x00\x00\x00\x00\x00\x00\x00\x00\x00\x00\x00\x00\x00\x00\x00\x00\x00\x00\x00\x00\x00\x00\x00\x00\x00\x00\x00\x00\x00\x00\x00\x00\x00\x00\x00\x00\x00\x00\x00\x00\x00\x00\x00\x00\x00\x00\x00\x00\x00\x00\x00\x00\x00\x00\x00\x00\x00\x00\x00\x00\x00\x00\x00\x00\x00\x00\x00\x00\x00\x00\x00\x00\x00\x00\x00\x00\x00\x00\x00\x00\x00\x00\x00\x00\x00\x00\x00\x00\x00\x00\x00\x00\x00\x00\x00\x00\x00\x00\x00\x00\x00\x00\x00\x00\x00\x00\x00\x00\x00\x00\x00\x00\x00\x00\x00\x00\x00\x00\x00\x00\x00\x00\x00\x00\x00\x00\x00\x00\x00\x00\x00\x00\x00\x00\x00\x00\x00\x00\x00\x00\x00\x00\x00\x00\x00\x00\x00\x00\x00\x00\x00\x00\x00\x00\x00\x00\x00\x00\x00\x00\x00\x00\x00\x00\x00\x00\x00\x00\x00\x00\x00\x00\x00\x00\x00\x00\x00\x00\x00\x00\x00\x00\x00\x00\x00\x00\x00\x00\x00\x00\x00\x00\x00\x00\x00\x00\x00\x00\x00\x00\x00\x00\x00\x00\x00-100000-str]" time="0.005" /><testcase classname="tests.test_protocol" name="test_redactor_enforces_hard_final_json_byte_limit[\U0001f600\U0001f600\U0001f600\U0001f600\U0001f600\U0001f600\U0001f600\U0001f600\U0001f600\U0001f600\U0001f600\U0001f600\U0001f600\U0001f600\U0001f600\U0001f600\U0001f600\U0001f600\U0001f600\U0001f600\U0001f600\U0001f600\U0001f600\U0001f600\U0001f600\U0001f600\U0001f600\U0001f600\U0001f600\U0001f600\U0001f600\U0001f600\U0001f600\U0001f600\U0001f600\U0001f600\U0001f600\U0001f600\U0001f600\U0001f600\U0001f600\U0001f600\U0001f600\U0001f600\U0001f600\U0001f600\U0001f600\U0001f600\U0001f600\U0001f600\U0001f600\U0001f600\U0001f600\U0001f600\U0001f600\U0001f600\U0001f600\U0001f600\U0001f600\U0001f600\U0001f600\U0001f600\U0001f600\U0001f600\U0001f600\U0001f600\U0001f600\U0001f600\U0001f600\U0001f600\U0001f600\U0001f600\U0001f600\U0001f600\U0001f600\U0001f600\U0001f600\U0001f600\U0001f600\U0001f600\U0001f600\U0001f600\U0001f600\U0001f600\U0001f600\U0001f600\U0001f600\U0001f600\U0001f600\U0001f600\U0001f600\U0001f600\U0001f600\U0001f600\U0001f600\U0001f600\U0001f600\U0001f600\U0001f600\U0001f600\U0001f600\U0001f600\U0001f600\U0001f600\U0001f600\U0001f600\U0001f600\U0001f600\U0001f600\U0001f600\U0001f600\U0001f600\U0001f600\U0001f600\U0001f600\U0001f600\U0001f600\U0001f600\U0001f600\U0001f600\U0001f600\U0001f600\U0001f600\U0001f600\U0001f600\U0001f600\U0001f600\U0001f600\U0001f600\U0001f600\U0001f600\U0001f600\U0001f600\U0001f600\U0001f600\U0001f600\U0001f600\U0001f600\U0001f600\U0001f600\U0001f600\U0001f600\U0001f600\U0001f600\U0001f600\U0001f600\U0001f600\U0001f600\U0001f600\U0001f600\U0001f600\U0001f600\U0001f600\U0001f600\U0001f600\U0001f600\U0001f600\U0001f600\U0001f600\U0001f600\U0001f600\U0001f600\U0001f600\U0001f600\U0001f600\U0001f600\U0001f600\U0001f600\U0001f600\U0001f600\U0001f600\U0001f600\U0001f600\U0001f600\U0001f600\U0001f600\U0001f600\U0001f600\U0001f600\U0001f600\U0001f600\U0001f600\U0001f600\U0001f600\U0001f600\U0001f600\U0001f600\U0001f600\U0001f600\U0001f600\U0001f600\U0001f600\U0001f600\U0001f600\U0001f600\U0001f600\U0001f600\U0001f600\U0001f600\U0001f600-100-str]" time="0.000" /><testcase classname="tests.test_protocol" name="test_redactor_enforces_hard_final_json_byte_limit[payload2-100-dict]" time="0.000" /><testcase classname="tests.test_protocol" name="test_redactor_enforces_hard_final_json_byte_limit[payload3-100-list]" time="0.001" /><testcase classname="tests.test_protocol" name="test_redactor_keeps_normal_strings_and_secret_refs_within_byte_limit" time="0.001" /><testcase classname="tests.test_protocol" name="test_action_hashes_are_canonical_and_bind_exact_side_effect" time="0.002" /><testcase classname="tests.test_protocol" name="test_workspace_output_receipt_event_and_model_feedback_share_redaction" time="0.003" /><testcase classname="tests.test_protocol" name="test_tool_failures_share_redaction_before_receipt_model_and_runtime_event[ToolError]" time="0.002" /><testcase classname="tests.test_protocol" name="test_tool_failures_share_redaction_before_receipt_model_and_runtime_event[ValueError]" time="0.002" /><testcase classname="tests.test_protocol" name="test_tool_failures_share_redaction_before_receipt_model_and_runtime_event[JSONDecodeError]" time="0.002" /><testcase classname="tests.test_protocol" name="test_gateway_requires_bound_receipt_and_persisted_positive_decision" time="0.816" /><testcase classname="tests.test_protocol" name="test_application_service_replays_duplicate_tool_call_without_second_side_effect" time="0.881" /><testcase classname="tests.test_protocol" name="test_service_session_single_flight_cancel_close_and_cross_session_concurrency" time="0.923" /><testcase classname="tests.test_protocol" name="test_restart_pending_durable_approval_blocks_new_service_run" time="1.151" /><testcase classname="tests.test_protocol" name="test_approval_decision_between_request_commit_and_future_creation_resumes" time="1.342" /><testcase classname="tests.test_protocol" name="test_live_approval_denial_does_not_preempt_agent_receipt_finalization" time="0.909" /><testcase classname="tests.test_protocol" name="test_workspace_tools_protect_common_credential_files[.env.production]" time="0.002" /><testcase classname="tests.test_protocol" name="test_workspace_tools_protect_common_credential_files[.ENV.PRODUCTION]" time="0.002" /><testcase classname="tests.test_protocol" name="test_workspace_tools_protect_common_credential_files[.npmrc]" time="0.001" /><testcase classname="tests.test_protocol" name="test_workspace_tools_protect_common_credential_files[.NPMRC]" time="0.001" /><testcase classname="tests.test_protocol" name="test_workspace_tools_protect_common_credential_files[.pypirc]" time="0.001" /><testcase classname="tests.test_protocol" name="test_workspace_tools_protect_common_credential_files[.netrc]" time="0.002" /><testcase classname="tests.test_protocol" name="test_workspace_tools_protect_common_credential_files[id_ecdsa]" time="0.001" /><testcase classname="tests.test_protocol" name="test_workspace_tools_protect_common_credential_files[ID_RSA]" time="0.001" /><testcase classname="tests.test_protocol" name="test_workspace_tools_protect_common_credential_files[credentials.json]" time="0.001" /><testcase classname="tests.test_protocol" name="test_workspace_tools_protect_common_credential_files[CREDENTIALS.JSON]" time="0.001" /><testcase classname="tests.test_protocol" name="test_workspace_tools_protect_common_credential_files[client.pem]" time="0.001" /><testcase classname="tests.test_protocol" name="test_workspace_tools_protect_common_credential_files[CLIENT.PEM]" time="0.002" /><testcase classname="tests.test_protocol" name="test_workspace_tools_protect_operant_runtime_data[.operant]" time="0.001" /><testcase classname="tests.test_protocol" name="test_workspace_tools_protect_operant_runtime_data[.OPERANT]" time="0.001" /><testcase classname="tests.test_protocol" name="test_search_files_resolves_symlinks_and_only_follows_safe_internal_files" time="0.002" /><testcase classname="tests.test_protocol" name="test_workspace_tools_do_not_overprotect_similarly_named_source" time="0.002" /><testcase classname="tests.test_registry.RegistryTests" name="test_default_roles_are_idempotent" time="0.773" /><testcase classname="tests.test_registry.RegistryTests" name="test_model_profile_crud_and_session_model_override" time="0.749" /><testcase classname="tests.test_registry.RegistryTests" name="test_role_copy_and_deactivation_are_versioned" time="0.740" /><testcase classname="tests.test_registry.RegistryTests" name="test_role_updates_create_versions_without_changing_old_session_snapshot" time="0.744" /><testcase classname="tests.test_registry.RegistryTests" name="test_secret_values_and_credentials_cannot_enter_model_profile" time="0.705" /><testcase classname="tests.test_registry.RegistryTests" name="test_unsupported_effort_is_rejected" time="0.810" /><testcase classname="tests.test_release_checks" name="test_release_evidence_generation_and_verification" time="0.205" /><testcase classname="tests.test_release_checks" name="test_release_verification_rejects_tampering" time="0.165" /><testcase classname="tests.test_release_checks" name="test_release_verification_rejects_untracked_distribution_artifact" time="0.162" /><testcase classname="tests.test_release_checks" name="test_release_verification_rejects_sbom_that_does_not_match_wheel" time="0.184" /><testcase classname="tests.test_service_workflow" name="test_sequential_workflow_streams_three_isolated_sessions" time="1.722" /><testcase classname="tests.test_service_workflow" name="test_readonly_explorers_run_in_parallel_and_handoff_results" time="2.385" /><testcase classname="tests.test_service_workflow" name="test_graph_bridge_leaves_agent_instance_null_when_agent_creation_fails" time="0.956" /><testcase classname="tests.test_service_workflow" name="test_explorer_timeout_is_structured_and_nonfatal" time="3.018" /><testcase classname="tests.test_service_workflow" name="test_parallel_slots_reject_writable_explorer" time="0.756" /><testcase classname="tests.test_service_workflow" name="test_rework_is_explicit_and_bounded" time="2.230" /><testcase classname="tests.test_service_workflow" name="test_missing_reviewer_verdict_is_reported_when_rework_is_disabled" time="1.708" /><testcase classname="tests.test_service_workflow" name="test_total_timeout_is_persisted" time="1.846" /><testcase classname="tests.test_service_workflow" name="test_provider_exception_becomes_sanitized_persisted_failure" time="0.800" /><testcase classname="tests.test_service_workflow" name="test_running_session_can_be_cancelled" time="0.833" /><testcase classname="tests.test_service_workflow" name="test_service_approval_endpoint_resumes_pending_run" time="1.116" /><testcase classname="tests.test_settings" name="test_dotenv_loader_does_not_execute_shell_and_preserves_environment" time="0.002" /><testcase classname="tests.test_settings" name="test_dotenv_loader_rejects_non_assignment" time="0.002" /><testcase classname="tests.test_settings" name="test_configured_path_roots_parses_only_bounded_json_mapping" time="0.001" /><testcase classname="tests.test_skill_discovery" name="test_discovers_only_explicit_root_and_returns_untrusted_snapshot" time="0.003" /><testcase classname="tests.test_skill_discovery" name="test_rejects_candidate_and_resource_symlink_escape" time="0.004" /><testcase classname="tests.test_skill_discovery" name="test_rejects_malicious_or_ambiguous_frontmatter[name: unsafe\ndescription: &amp;anchor payload]" time="0.002" /><testcase classname="tests.test_skill_discovery" name="test_rejects_malicious_or_ambiguous_frontmatter[name: unsafe\ndescription: !!python/object:os.system payload]" time="0.002" /><testcase classname="tests.test_skill_discovery" name="test_rejects_malicious_or_ambiguous_frontmatter[name: unsafe\nname: duplicate\ndescription: duplicate]" time="0.003" /><testcase classname="tests.test_skill_discovery" name="test_rejects_malicious_or_ambiguous_frontmatter[name: unsafe\nunknown_key: value\ndescription: unsupported]" time="0.002" /><testcase classname="tests.test_skill_discovery" name="test_rejects_malicious_or_ambiguous_frontmatter[name: unsafe\n  nested: value\ndescription: nested]" time="0.002" /><testcase classname="tests.test_skill_discovery" name="test_rejects_malicious_or_ambiguous_frontmatter[name: unsafe\ndescription: [&quot;ok&quot;, 1]]" time="0.003" /><testcase classname="tests.test_skill_discovery" name="test_rejects_oversized_manifest_and_bounded_resource_set" time="0.003" /><testcase classname="tests.test_skill_discovery" name="test_root_entry_limit_stops_before_sorting_or_stating_children" time="0.003" /><testcase classname="tests.test_skill_discovery" name="test_resource_entry_limit_stops_before_sorting_or_stating_files" time="0.004" /><testcase classname="tests.test_skill_discovery" name="test_resource_entry_limit_accumulates_across_nested_and_named_folders" time="0.003" /><testcase classname="tests.test_skill_discovery" name="test_requires_real_absolute_allowlist_root" time="0.002" /><testcase classname="tests.test_skill_discovery" name="test_fails_closed_without_no_follow_primitive" time="0.001" /><testcase classname="tests.test_skill_discovery" name="test_candidate_parent_symlink_swap_does_not_read_outside" time="0.002" /><testcase classname="tests.test_skill_discovery" name="test_resource_directory_symlink_swap_does_not_read_outside[scripts]" time="0.004" /><testcase classname="tests.test_skill_discovery" name="test_resource_directory_symlink_swap_does_not_read_outside[nested]" time="0.003" /><testcase classname="tests.test_skill_discovery" name="test_registered_root_replacement_is_rejected_by_identity" time="0.002" /><testcase classname="tests.test_skill_discovery" name="test_root_version_change_discards_staged_candidates" time="0.003" /><testcase classname="tests.test_trace" name="test_trace_summary_includes_model_tools_tokens_and_duration" time="0.757" /><testcase classname="tests.test_trace" name="test_jsonl_trace_omits_prompts_raw_content_and_secret_reference" time="0.752" /><testcase classname="tests.test_trace" name="test_workflow_trace_aggregates_sessions_and_redacts_handoffs" time="0.771" /><testcase classname="tests.test_web" name="test_web_workbench_routes_and_local_assets" time="0.835" /><testcase classname="tests.test_web" name="test_web_workbench_uses_existing_session_and_workflow_api_contracts" time="0.001" /><testcase classname="tests.test_web" name="test_web_task_controls_use_persisted_task_endpoints" time="0.876" /><testcase classname="tests.test_workflow_domain" name="test_workflow_run_normalizes_absolute_workspace" time="0.001" /><testcase classname="tests.test_workflow_domain" name="test_workflow_run_rejects_relative_workspace_and_duplicate_explorers" time="0.000" /><testcase classname="tests.test_workflow_memory" name="test_workflow_retrieves_prior_memory_and_generates_candidates" time="2.456" /><testcase classname="tests.test_workflow_memory" name="test_workflow_evaluation_memory_controls_skip_reads_and_writeback" time="2.319" /><testcase classname="tests.test_workflow_persistence" name="test_workflow_run_crud_and_events_survive_reopen" time="1.110" /><testcase classname="tests.test_workflow_persistence" name="test_initialize_interrupts_only_legacy_running_workflows" time="1.079" /><testcase classname="tests.test_workflow_persistence" name="test_workflow_persistence_rejects_missing_runs_and_duplicate_ids" time="0.745" /><testcase classname="tests.test_workflow_recovery" name="test_resume_skips_committed_write_stage" time="2.667" /><testcase classname="tests.test_workflow_recovery" name="test_unknown_coder_write_is_not_replayed_automatically" time="1.403" /><testcase classname="tests.test_workspace_tools" name="test_read_only_role_cannot_see_or_execute_patch" time="0.002" /><testcase classname="tests.test_workspace_tools" name="test_coder_can_modify_real_workspace_file" time="0.003" /><testcase classname="tests.test_workspace_tools" name="test_patch_with_identical_text_is_rejected_as_no_progress" time="0.004" /></testsuite></testsuites>